{"meta": {"format": 3, "version": "7.11.0", "timestamp": "2025-11-26T13:37:03.912389", "branch_coverage": false, "show_contexts": false}, "files": {"src\\glitchlings\\__init__.py": {"executed_lines": [1, 2, 3, 4, 5, 36], "summary": {"covered_lines": 6, "num_statements": 6, "percent_covered": 100.0, "percent_covered_display": "100.00", "missing_lines": 0, "excluded_lines": 0}, "missing_lines": [], "excluded_lines": [], "functions": {"": {"executed_lines": [1, 2, 3, 4, 5, 36], "summary": {"covered_lines": 6, "num_statements": 6, "percent_covered": 100.0, "percent_covered_display": "100.00", "missing_lines": 0, "excluded_lines": 0}, "missing_lines": [], "excluded_lines": []}}, "classes": {"": {"executed_lines": [1, 2, 3, 4, 5, 36], "summary": {"covered_lines": 6, "num_statements": 6, "percent_covered": 100.0, "percent_covered_display": "100.00", "missing_lines": 0, "excluded_lines": 0}, "missing_lines": [], "excluded_lines": []}}}, "src\\glitchlings\\__main__.py": {"executed_lines": [], "summary": {"covered_lines": 0, "num_statements": 3, "percent_covered": 0.0, "percent_covered_display": "0.00", "missing_lines": 3, "excluded_lines": 2}, "missing_lines": [1, 3, 5], "excluded_lines": [7, 8], "functions": {"": {"executed_lines": [], "summary": {"covered_lines": 0, "num_statements": 3, "percent_covered": 0.0, "percent_covered_display": "0.00", "missing_lines": 3, "excluded_lines": 2}, "missing_lines": [1, 3, 5], "excluded_lines": [7, 8]}}, "classes": {"": {"executed_lines": [], "summary": {"covered_lines": 0, "num_statements": 3, "percent_covered": 0.0, "percent_covered_display": "0.00", "missing_lines": 3, "excluded_lines": 2}, "missing_lines": [1, 3, 5], "excluded_lines": [7, 8]}}}, "src\\glitchlings\\_zoo_rust\\__init__.py": {"executed_lines": [1, 3, 5, 7, 9, 11, 12], "summary": {"covered_lines": 6, "num_statements": 6, "percent_covered": 100.0, "percent_covered_display": "100.00", "missing_lines": 0, "excluded_lines": 0}, "missing_lines": [], "excluded_lines": [], "functions": {"": {"executed_lines": [1, 3, 5, 7, 9, 11, 12], "summary": {"covered_lines": 6, "num_statements": 6, "percent_covered": 100.0, "percent_covered_display": "100.00", "missing_lines": 0, "excluded_lines": 0}, "missing_lines": [], "excluded_lines": []}}, "classes": {"": {"executed_lines": [1, 3, 5, 7, 9, 11, 12], "summary": {"covered_lines": 6, "num_statements": 6, "percent_covered": 100.0, "percent_covered_display": "100.00", "missing_lines": 0, "excluded_lines": 0}, "missing_lines": [], "excluded_lines": []}}}, "src\\glitchlings\\assets\\__init__.py": {"executed_lines": [1, 3, 5, 6, 7, 8, 9, 10, 11, 13, 14, 18, 20, 21, 24, 25, 26, 28, 29, 30, 32, 33, 37, 41, 42, 45, 46, 48, 49, 50, 53, 54, 55, 56, 57, 58, 64, 70, 73, 76, 79, 82, 85, 86, 89, 92, 93, 94, 95, 96, 99, 100, 103, 104, 107, 108, 111, 112, 115, 116, 117, 120, 121, 124, 125, 128, 129, 132, 134, 137, 138, 139, 140, 143, 144, 147], "summary": {"covered_lines": 74, "num_statements": 84, "percent_covered": 88.0952380952381, "percent_covered_display": "88.10", "missing_lines": 10, "excluded_lines": 4}, "missing_lines": [34, 60, 61, 67, 109, 113, 118, 122, 126, 130], "excluded_lines": [15, 16, 43, 44], "functions": {"PipelineAsset.staged_name": {"executed_lines": [], "summary": {"covered_lines": 0, "num_statements": 1, "percent_covered": 0.0, "percent_covered_display": "0.00", "missing_lines": 1, "excluded_lines": 0}, "missing_lines": [34], "excluded_lines": []}, "_iter_asset_roots": {"executed_lines": [41, 42, 45, 46, 48, 49, 50], "summary": {"covered_lines": 7, "num_statements": 7, "percent_covered": 100.0, "percent_covered_display": "100.00", "missing_lines": 0, "excluded_lines": 2}, "missing_lines": [], "excluded_lines": [43, 44]}, "_asset": {"executed_lines": [54, 55, 56, 57, 58], "summary": {"covered_lines": 5, "num_statements": 7, "percent_covered": 71.42857142857143, "percent_covered_display": "71.43", "missing_lines": 2, "excluded_lines": 0}, "missing_lines": [60, 61], "excluded_lines": []}, "read_text": {"executed_lines": [], "summary": {"covered_lines": 0, "num_statements": 1, "percent_covered": 0.0, "percent_covered_display": "0.00", "missing_lines": 1, "excluded_lines": 0}, "missing_lines": [67], "excluded_lines": []}, "open_text": {"executed_lines": [73], "summary": {"covered_lines": 1, "num_statements": 1, "percent_covered": 100.0, "percent_covered_display": "100.00", "missing_lines": 0, "excluded_lines": 0}, "missing_lines": [], "excluded_lines": []}, "open_binary": {"executed_lines": [79], "summary": {"covered_lines": 1, "num_statements": 1, "percent_covered": 100.0, "percent_covered_display": "100.00", "missing_lines": 0, "excluded_lines": 0}, "missing_lines": [], "excluded_lines": []}, "load_json": {"executed_lines": [85, 86], "summary": {"covered_lines": 2, "num_statements": 2, "percent_covered": 100.0, "percent_covered_display": "100.00", "missing_lines": 0, "excluded_lines": 0}, "missing_lines": [], "excluded_lines": []}, "hash_asset": {"executed_lines": [92, 93, 94, 95, 96], "summary": {"covered_lines": 5, "num_statements": 5, "percent_covered": 100.0, "percent_covered_display": "100.00", "missing_lines": 0, "excluded_lines": 0}, "missing_lines": [], "excluded_lines": []}, "load_homophone_groups": {"executed_lines": [103, 104], "summary": {"covered_lines": 2, "num_statements": 2, "percent_covered": 100.0, "percent_covered_display": "100.00", "missing_lines": 0, "excluded_lines": 0}, "missing_lines": [], "excluded_lines": []}, "_parse_pipeline_manifest": {"executed_lines": [108, 111, 112, 115, 116, 117, 120, 121, 124, 125, 128, 129, 132, 134], "summary": {"covered_lines": 14, "num_statements": 20, "percent_covered": 70.0, "percent_covered_display": "70.00", "missing_lines": 6, "excluded_lines": 0}, "missing_lines": [109, 113, 118, 122, 126, 130], "excluded_lines": []}, "_load_pipeline_asset_specs": {"executed_lines": [139, 140], "summary": {"covered_lines": 2, "num_statements": 2, "percent_covered": 100.0, "percent_covered_display": "100.00", "missing_lines": 0, "excluded_lines": 0}, "missing_lines": [], "excluded_lines": []}, "": {"executed_lines": [1, 3, 5, 6, 7, 8, 9, 10, 11, 13, 14, 18, 20, 21, 24, 25, 26, 28, 29, 30, 32, 33, 37, 53, 64, 70, 76, 82, 89, 99, 100, 107, 137, 138, 143, 144, 147], "summary": {"covered_lines": 35, "num_statements": 35, "percent_covered": 100.0, "percent_covered_display": "100.00", "missing_lines": 0, "excluded_lines": 2}, "missing_lines": [], "excluded_lines": [15, 16]}}, "classes": {"PipelineAsset": {"executed_lines": [], "summary": {"covered_lines": 0, "num_statements": 1, "percent_covered": 0.0, "percent_covered_display": "0.00", "missing_lines": 1, "excluded_lines": 0}, "missing_lines": [34], "excluded_lines": []}, "": {"executed_lines": [1, 3, 5, 6, 7, 8, 9, 10, 11, 13, 14, 18, 20, 21, 24, 25, 26, 28, 29, 30, 32, 33, 37, 41, 42, 45, 46, 48, 49, 50, 53, 54, 55, 56, 57, 58, 64, 70, 73, 76, 79, 82, 85, 86, 89, 92, 93, 94, 95, 96, 99, 100, 103, 104, 107, 108, 111, 112, 115, 116, 117, 120, 121, 124, 125, 128, 129, 132, 134, 137, 138, 139, 140, 143, 144, 147], "summary": {"covered_lines": 74, "num_statements": 83, "percent_covered": 89.1566265060241, "percent_covered_display": "89.16", "missing_lines": 9, "excluded_lines": 4}, "missing_lines": [60, 61, 67, 109, 113, 118, 122, 126, 130], "excluded_lines": [15, 16, 43, 44]}}}, "src\\glitchlings\\attack\\__init__.py": {"executed_lines": [1, 3, 14, 15, 16, 21, 22, 24], "summary": {"covered_lines": 7, "num_statements": 7, "percent_covered": 100.0, "percent_covered_display": "100.00", "missing_lines": 0, "excluded_lines": 0}, "missing_lines": [], "excluded_lines": [], "functions": {"": {"executed_lines": [1, 3, 14, 15, 16, 21, 22, 24], "summary": {"covered_lines": 7, "num_statements": 7, "percent_covered": 100.0, "percent_covered_display": "100.00", "missing_lines": 0, "excluded_lines": 0}, "missing_lines": [], "excluded_lines": []}}, "classes": {"": {"executed_lines": [1, 3, 14, 15, 16, 21, 22, 24], "summary": {"covered_lines": 7, "num_statements": 7, "percent_covered": 100.0, "percent_covered_display": "100.00", "missing_lines": 0, "excluded_lines": 0}, "missing_lines": [], "excluded_lines": []}}}, "src\\glitchlings\\attack\\compose.py": {"executed_lines": [1, 24, 26, 27, 28, 30, 39, 40, 41, 49, 50, 51, 54, 55, 56, 62, 63, 64, 65, 66, 67, 75, 91, 92, 93, 95, 96, 98, 99, 107, 122, 123, 124, 125, 127, 128, 131, 145, 146, 147, 148, 150, 151, 159, 168, 176, 204, 216, 244, 256, 273, 285], "summary": {"covered_lines": 48, "num_statements": 50, "percent_covered": 96.0, "percent_covered_display": "96.00", "missing_lines": 2, "excluded_lines": 2}, "missing_lines": [94, 97], "excluded_lines": [30, 31], "functions": {"extract_transcript_contents": {"executed_lines": [91, 92, 93, 95, 96, 98, 99], "summary": {"covered_lines": 7, "num_statements": 9, "percent_covered": 77.77777777777777, "percent_covered_display": "77.78", "missing_lines": 2, "excluded_lines": 0}, "missing_lines": [94, 97], "excluded_lines": []}, "format_metrics_for_single": {"executed_lines": [122, 123, 124, 125, 127, 128], "summary": {"covered_lines": 6, "num_statements": 6, "percent_covered": 100.0, "percent_covered_display": "100.00", "missing_lines": 0, "excluded_lines": 0}, "missing_lines": [], "excluded_lines": []}, "format_metrics_for_batch": {"executed_lines": [145, 146, 147, 148, 150, 151], "summary": {"covered_lines": 6, "num_statements": 6, "percent_covered": 100.0, "percent_covered_display": "100.00", "missing_lines": 0, "excluded_lines": 0}, "missing_lines": [], "excluded_lines": []}, "build_empty_metrics": {"executed_lines": [168], "summary": {"covered_lines": 1, "num_statements": 1, "percent_covered": 100.0, "percent_covered_display": "100.00", "missing_lines": 0, "excluded_lines": 0}, "missing_lines": [], "excluded_lines": []}, "build_single_result": {"executed_lines": [204], "summary": {"covered_lines": 1, "num_statements": 1, "percent_covered": 100.0, "percent_covered_display": "100.00", "missing_lines": 0, "excluded_lines": 0}, "missing_lines": [], "excluded_lines": []}, "build_batch_result": {"executed_lines": [244], "summary": {"covered_lines": 1, "num_statements": 1, "percent_covered": 100.0, "percent_covered_display": "100.00", "missing_lines": 0, "excluded_lines": 0}, "missing_lines": [], "excluded_lines": []}, "build_empty_result": {"executed_lines": [273], "summary": {"covered_lines": 1, "num_statements": 1, "percent_covered": 100.0, "percent_covered_display": "100.00", "missing_lines": 0, "excluded_lines": 0}, "missing_lines": [], "excluded_lines": []}, "": {"executed_lines": [1, 24, 26, 27, 28, 30, 39, 40, 41, 49, 50, 51, 54, 55, 56, 62, 63, 64, 65, 66, 67, 75, 107, 131, 159, 176, 216, 256, 285], "summary": {"covered_lines": 25, "num_statements": 25, "percent_covered": 100.0, "percent_covered_display": "100.00", "missing_lines": 0, "excluded_lines": 2}, "missing_lines": [], "excluded_lines": [30, 31]}}, "classes": {"EncodedPayload": {"executed_lines": [], "summary": {"covered_lines": 0, "num_statements": 0, "percent_covered": 100.0, "percent_covered_display": "100.00", "missing_lines": 0, "excluded_lines": 0}, "missing_lines": [], "excluded_lines": []}, "AttackResultComponents": {"executed_lines": [], "summary": {"covered_lines": 0, "num_statements": 0, "percent_covered": 100.0, "percent_covered_display": "100.00", "missing_lines": 0, "excluded_lines": 0}, "missing_lines": [], "excluded_lines": []}, "": {"executed_lines": [1, 24, 26, 27, 28, 30, 39, 40, 41, 49, 50, 51, 54, 55, 56, 62, 63, 64, 65, 66, 67, 75, 91, 92, 93, 95, 96, 98, 99, 107, 122, 123, 124, 125, 127, 128, 131, 145, 146, 147, 148, 150, 151, 159, 168, 176, 204, 216, 244, 256, 273, 285], "summary": {"covered_lines": 48, "num_statements": 50, "percent_covered": 96.0, "percent_covered_display": "96.00", "missing_lines": 2, "excluded_lines": 2}, "missing_lines": [94, 97], "excluded_lines": [30, 31]}}}, "src\\glitchlings\\attack\\core.py": {"executed_lines": [1, 3, 4, 5, 7, 8, 9, 10, 11, 17, 18, 24, 27, 28, 29, 30, 31, 32, 33, 34, 35, 36, 39, 40, 52, 83, 84, 85, 93, 94, 97, 98, 104, 106, 107, 111, 112, 114, 115, 117, 118, 119, 120, 121, 123, 124, 128, 141, 144, 145, 146, 150, 151, 152, 153, 154, 156, 157, 158, 159, 160, 161, 163, 167, 169, 175, 178, 181, 188, 189, 190, 192, 193, 196, 197, 198, 201, 202, 212, 214, 224], "summary": {"covered_lines": 80, "num_statements": 83, "percent_covered": 96.3855421686747, "percent_covered_display": "96.39", "missing_lines": 3, "excluded_lines": 0}, "missing_lines": [126, 147, 164], "excluded_lines": [], "functions": {"Attack.__init__": {"executed_lines": [83, 84, 85, 93, 94, 97, 98, 104], "summary": {"covered_lines": 8, "num_statements": 8, "percent_covered": 100.0, "percent_covered_display": "100.00", "missing_lines": 0, "excluded_lines": 0}, "missing_lines": [], "excluded_lines": []}, "Attack._clone_glitchling_specs": {"executed_lines": [111, 112, 114, 115, 117, 118, 119, 120, 121, 123, 124], "summary": {"covered_lines": 11, "num_statements": 12, "percent_covered": 91.66666666666667, "percent_covered_display": "91.67", "missing_lines": 1, "excluded_lines": 0}, "missing_lines": [126], "excluded_lines": []}, "Attack.run": {"executed_lines": [141, 144, 145, 146, 150, 151, 152, 153, 154, 156, 157, 158, 159, 160, 161, 163, 167, 169, 175, 178, 181, 188, 189, 190, 192, 193, 196, 197, 198, 201, 202, 212, 214, 224], "summary": {"covered_lines": 34, "num_statements": 36, "percent_covered": 94.44444444444444, "percent_covered_display": "94.44", "missing_lines": 2, "excluded_lines": 0}, "missing_lines": [147, 164], "excluded_lines": []}, "": {"executed_lines": [1, 3, 4, 5, 7, 8, 9, 10, 11, 17, 18, 24, 27, 28, 29, 30, 31, 32, 33, 34, 35, 36, 39, 40, 52, 106, 107, 128], "summary": {"covered_lines": 27, "num_statements": 27, "percent_covered": 100.0, "percent_covered_display": "100.00", "missing_lines": 0, "excluded_lines": 0}, "missing_lines": [], "excluded_lines": []}}, "classes": {"AttackResult": {"executed_lines": [], "summary": {"covered_lines": 0, "num_statements": 0, "percent_covered": 100.0, "percent_covered_display": "100.00", "missing_lines": 0, "excluded_lines": 0}, "missing_lines": [], "excluded_lines": []}, "Attack": {"executed_lines": [83, 84, 85, 93, 94, 97, 98, 104, 111, 112, 114, 115, 117, 118, 119, 120, 121, 123, 124, 141, 144, 145, 146, 150, 151, 152, 153, 154, 156, 157, 158, 159, 160, 161, 163, 167, 169, 175, 178, 181, 188, 189, 190, 192, 193, 196, 197, 198, 201, 202, 212, 214, 224], "summary": {"covered_lines": 53, "num_statements": 56, "percent_covered": 94.64285714285714, "percent_covered_display": "94.64", "missing_lines": 3, "excluded_lines": 0}, "missing_lines": [126, 147, 164], "excluded_lines": []}, "": {"executed_lines": [1, 3, 4, 5, 7, 8, 9, 10, 11, 17, 18, 24, 27, 28, 29, 30, 31, 32, 33, 34, 35, 36, 39, 40, 52, 106, 107, 128], "summary": {"covered_lines": 27, "num_statements": 27, "percent_covered": 100.0, "percent_covered_display": "100.00", "missing_lines": 0, "excluded_lines": 0}, "missing_lines": [], "excluded_lines": []}}}, "src\\glitchlings\\attack\\encode.py": {"executed_lines": [1, 16, 18, 20, 24, 39, 40, 43, 60, 61, 62, 63, 68, 69, 70, 71, 72, 73, 76, 77, 78, 79, 80, 81, 82, 85, 99, 100, 103, 104, 105, 108, 112, 115], "summary": {"covered_lines": 32, "num_statements": 35, "percent_covered": 91.42857142857143, "percent_covered_display": "91.43", "missing_lines": 3, "excluded_lines": 2}, "missing_lines": [64, 66, 109], "excluded_lines": [20, 21], "functions": {"encode_single": {"executed_lines": [39, 40], "summary": {"covered_lines": 2, "num_statements": 2, "percent_covered": 100.0, "percent_covered_display": "100.00", "missing_lines": 0, "excluded_lines": 0}, "missing_lines": [], "excluded_lines": []}, "encode_batch": {"executed_lines": [60, 61, 62, 63, 68, 69, 70, 71, 72, 73, 76, 77, 78, 79, 80, 81, 82], "summary": {"covered_lines": 17, "num_statements": 19, "percent_covered": 89.47368421052632, "percent_covered_display": "89.47", "missing_lines": 2, "excluded_lines": 0}, "missing_lines": [64, 66], "excluded_lines": []}, "describe_tokenizer": {"executed_lines": [99, 100, 103, 104, 105, 108, 112], "summary": {"covered_lines": 7, "num_statements": 8, "percent_covered": 87.5, "percent_covered_display": "87.50", "missing_lines": 1, "excluded_lines": 0}, "missing_lines": [109], "excluded_lines": []}, "": {"executed_lines": [1, 16, 18, 20, 24, 43, 85, 115], "summary": {"covered_lines": 6, "num_statements": 6, "percent_covered": 100.0, "percent_covered_display": "100.00", "missing_lines": 0, "excluded_lines": 2}, "missing_lines": [], "excluded_lines": [20, 21]}}, "classes": {"": {"executed_lines": [1, 16, 18, 20, 24, 39, 40, 43, 60, 61, 62, 63, 68, 69, 70, 71, 72, 73, 76, 77, 78, 79, 80, 81, 82, 85, 99, 100, 103, 104, 105, 108, 112, 115], "summary": {"covered_lines": 32, "num_statements": 35, "percent_covered": 91.42857142857143, "percent_covered_display": "91.43", "missing_lines": 3, "excluded_lines": 2}, "missing_lines": [64, 66, 109], "excluded_lines": [20, 21]}}}, "src\\glitchlings\\attack\\metrics.py": {"executed_lines": [1, 3, 4, 6, 9, 10, 17, 18, 21, 22, 29, 30, 31, 32, 33, 34, 37, 49, 51, 52, 54, 57, 61, 70, 74, 83, 87, 96], "summary": {"covered_lines": 28, "num_statements": 28, "percent_covered": 100.0, "percent_covered_display": "100.00", "missing_lines": 0, "excluded_lines": 2}, "missing_lines": [], "excluded_lines": [23, 24], "functions": {"Metric.__call__": {"executed_lines": [], "summary": {"covered_lines": 0, "num_statements": 0, "percent_covered": 100.0, "percent_covered_display": "100.00", "missing_lines": 0, "excluded_lines": 0}, "missing_lines": [], "excluded_lines": []}, "BatchMetric.__call__": {"executed_lines": [18], "summary": {"covered_lines": 1, "num_statements": 1, "percent_covered": 100.0, "percent_covered_display": "100.00", "missing_lines": 0, "excluded_lines": 0}, "missing_lines": [], "excluded_lines": []}, "_dispatch_metric": {"executed_lines": [49, 51, 52, 54], "summary": {"covered_lines": 4, "num_statements": 4, "percent_covered": 100.0, "percent_covered_display": "100.00", "missing_lines": 0, "excluded_lines": 0}, "missing_lines": [], "excluded_lines": []}, "jensen_shannon_divergence": {"executed_lines": [61], "summary": {"covered_lines": 1, "num_statements": 1, "percent_covered": 100.0, "percent_covered_display": "100.00", "missing_lines": 0, "excluded_lines": 0}, "missing_lines": [], "excluded_lines": []}, "normalized_edit_distance": {"executed_lines": [74], "summary": {"covered_lines": 1, "num_statements": 1, "percent_covered": 100.0, "percent_covered_display": "100.00", "missing_lines": 0, "excluded_lines": 0}, "missing_lines": [], "excluded_lines": []}, "subsequence_retention": {"executed_lines": [87], "summary": {"covered_lines": 1, "num_statements": 1, "percent_covered": 100.0, "percent_covered_display": "100.00", "missing_lines": 0, "excluded_lines": 0}, "missing_lines": [], "excluded_lines": []}, "": {"executed_lines": [1, 3, 4, 6, 9, 10, 17, 21, 22, 29, 30, 31, 32, 33, 34, 37, 57, 70, 83, 96], "summary": {"covered_lines": 20, "num_statements": 20, "percent_covered": 100.0, "percent_covered_display": "100.00", "missing_lines": 0, "excluded_lines": 2}, "missing_lines": [], "excluded_lines": [23, 24]}}, "classes": {"Metric": {"executed_lines": [], "summary": {"covered_lines": 0, "num_statements": 0, "percent_covered": 100.0, "percent_covered_display": "100.00", "missing_lines": 0, "excluded_lines": 0}, "missing_lines": [], "excluded_lines": []}, "BatchMetric": {"executed_lines": [18], "summary": {"covered_lines": 1, "num_statements": 1, "percent_covered": 100.0, "percent_covered_display": "100.00", "missing_lines": 0, "excluded_lines": 0}, "missing_lines": [], "excluded_lines": []}, "": {"executed_lines": [1, 3, 4, 6, 9, 10, 17, 21, 22, 29, 30, 31, 32, 33, 34, 37, 49, 51, 52, 54, 57, 61, 70, 74, 83, 87, 96], "summary": {"covered_lines": 27, "num_statements": 27, "percent_covered": 100.0, "percent_covered_display": "100.00", "missing_lines": 0, "excluded_lines": 2}, "missing_lines": [], "excluded_lines": [23, 24]}}}, "src\\glitchlings\\attack\\metrics_dispatch.py": {"executed_lines": [1, 15, 17, 19, 20, 23, 36, 37, 39, 40, 43, 58, 59, 61, 62, 65], "summary": {"covered_lines": 15, "num_statements": 15, "percent_covered": 100.0, "percent_covered_display": "100.00", "missing_lines": 0, "excluded_lines": 0}, "missing_lines": [], "excluded_lines": [], "functions": {"is_batch": {"executed_lines": [36, 37, 39, 40], "summary": {"covered_lines": 4, "num_statements": 4, "percent_covered": 100.0, "percent_covered_display": "100.00", "missing_lines": 0, "excluded_lines": 0}, "missing_lines": [], "excluded_lines": []}, "validate_batch_consistency": {"executed_lines": [58, 59, 61, 62], "summary": {"covered_lines": 4, "num_statements": 4, "percent_covered": 100.0, "percent_covered_display": "100.00", "missing_lines": 0, "excluded_lines": 0}, "missing_lines": [], "excluded_lines": []}, "": {"executed_lines": [1, 15, 17, 19, 20, 23, 43, 65], "summary": {"covered_lines": 7, "num_statements": 7, "percent_covered": 100.0, "percent_covered_display": "100.00", "missing_lines": 0, "excluded_lines": 0}, "missing_lines": [], "excluded_lines": []}}, "classes": {"": {"executed_lines": [1, 15, 17, 19, 20, 23, 36, 37, 39, 40, 43, 58, 59, 61, 62, 65], "summary": {"covered_lines": 15, "num_statements": 15, "percent_covered": 100.0, "percent_covered_display": "100.00", "missing_lines": 0, "excluded_lines": 0}, "missing_lines": [], "excluded_lines": []}}}, "src\\glitchlings\\attack\\tokenization.py": {"executed_lines": [1, 3, 4, 5, 7, 10, 11, 13, 16, 17, 23, 26, 30, 31, 32, 34, 35, 36, 40, 41, 42, 45, 47, 50, 51, 52, 53, 54, 60, 63, 64, 65, 67, 69, 70, 72, 76, 77, 79, 80, 81, 82, 88, 89, 90, 93, 94, 95, 97, 98, 99, 101, 103, 104, 105, 126, 127, 129, 130, 132, 135, 137, 138, 140, 141, 142, 143, 150], "summary": {"covered_lines": 68, "num_statements": 97, "percent_covered": 70.10309278350516, "percent_covered_display": "70.10", "missing_lines": 29, "excluded_lines": 0}, "missing_lines": [18, 20, 21, 24, 27, 37, 38, 48, 83, 84, 86, 106, 107, 108, 109, 110, 111, 112, 113, 115, 116, 118, 119, 120, 121, 123, 144, 145, 147], "excluded_lines": [], "functions": {"Tokenizer.encode": {"executed_lines": [11], "summary": {"covered_lines": 1, "num_statements": 1, "percent_covered": 100.0, "percent_covered_display": "100.00", "missing_lines": 0, "excluded_lines": 0}, "missing_lines": [], "excluded_lines": []}, "Tokenizer.decode": {"executed_lines": [13], "summary": {"covered_lines": 1, "num_statements": 1, "percent_covered": 100.0, "percent_covered_display": "100.00", "missing_lines": 0, "excluded_lines": 0}, "missing_lines": [], "excluded_lines": []}, "WhitespaceTokenizer.encode": {"executed_lines": [], "summary": {"covered_lines": 0, "num_statements": 3, "percent_covered": 0.0, "percent_covered_display": "0.00", "missing_lines": 3, "excluded_lines": 0}, "missing_lines": [18, 20, 21], "excluded_lines": []}, "WhitespaceTokenizer.decode": {"executed_lines": [], "summary": {"covered_lines": 0, "num_statements": 1, "percent_covered": 0.0, "percent_covered_display": "0.00", "missing_lines": 1, "excluded_lines": 0}, "missing_lines": [24], "excluded_lines": []}, "WhitespaceTokenizer.encode_batch": {"executed_lines": [], "summary": {"covered_lines": 0, "num_statements": 1, "percent_covered": 0.0, "percent_covered_display": "0.00", "missing_lines": 1, "excluded_lines": 0}, "missing_lines": [27], "excluded_lines": []}, "TiktokenTokenizer.__init__": {"executed_lines": [32, 34, 35, 36], "summary": {"covered_lines": 4, "num_statements": 6, "percent_covered": 66.66666666666667, "percent_covered_display": "66.67", "missing_lines": 2, "excluded_lines": 0}, "missing_lines": [37, 38], "excluded_lines": []}, "TiktokenTokenizer.encode": {"executed_lines": [41, 42, 45], "summary": {"covered_lines": 3, "num_statements": 3, "percent_covered": 100.0, "percent_covered_display": "100.00", "missing_lines": 0, "excluded_lines": 0}, "missing_lines": [], "excluded_lines": []}, "TiktokenTokenizer.decode": {"executed_lines": [], "summary": {"covered_lines": 0, "num_statements": 1, "percent_covered": 0.0, "percent_covered_display": "0.00", "missing_lines": 1, "excluded_lines": 0}, "missing_lines": [48], "excluded_lines": []}, "TiktokenTokenizer.encode_batch": {"executed_lines": [51, 52, 53, 54, 60], "summary": {"covered_lines": 5, "num_statements": 5, "percent_covered": 100.0, "percent_covered_display": "100.00", "missing_lines": 0, "excluded_lines": 0}, "missing_lines": [], "excluded_lines": []}, "HuggingFaceTokenizerWrapper.__init__": {"executed_lines": [65], "summary": {"covered_lines": 1, "num_statements": 1, "percent_covered": 100.0, "percent_covered_display": "100.00", "missing_lines": 0, "excluded_lines": 0}, "missing_lines": [], "excluded_lines": []}, "HuggingFaceTokenizerWrapper.encode": {"executed_lines": [69, 70], "summary": {"covered_lines": 2, "num_statements": 2, "percent_covered": 100.0, "percent_covered_display": "100.00", "missing_lines": 0, "excluded_lines": 0}, "missing_lines": [], "excluded_lines": []}, "HuggingFaceTokenizerWrapper.decode": {"executed_lines": [76, 77, 79, 80, 81, 82], "summary": {"covered_lines": 6, "num_statements": 9, "percent_covered": 66.66666666666667, "percent_covered_display": "66.67", "missing_lines": 3, "excluded_lines": 0}, "missing_lines": [83, 84, 86], "excluded_lines": []}, "HuggingFaceTokenizerWrapper.encode_batch": {"executed_lines": [89, 90], "summary": {"covered_lines": 2, "num_statements": 2, "percent_covered": 100.0, "percent_covered_display": "100.00", "missing_lines": 0, "excluded_lines": 0}, "missing_lines": [], "excluded_lines": []}, "resolve_tokenizer": {"executed_lines": [94, 95, 97, 98, 99, 101, 103, 104, 105, 126, 127, 129, 130, 132], "summary": {"covered_lines": 14, "num_statements": 29, "percent_covered": 48.275862068965516, "percent_covered_display": "48.28", "missing_lines": 15, "excluded_lines": 0}, "missing_lines": [106, 107, 108, 109, 110, 111, 112, 113, 115, 116, 118, 119, 120, 121, 123], "excluded_lines": []}, "_default_tokenizer": {"executed_lines": [137, 138, 140, 141, 142, 143], "summary": {"covered_lines": 6, "num_statements": 9, "percent_covered": 66.66666666666667, "percent_covered_display": "66.67", "missing_lines": 3, "excluded_lines": 0}, "missing_lines": [144, 145, 147], "excluded_lines": []}, "": {"executed_lines": [1, 3, 4, 5, 7, 10, 16, 17, 23, 26, 30, 31, 40, 47, 50, 63, 64, 67, 72, 88, 93, 135, 150], "summary": {"covered_lines": 23, "num_statements": 23, "percent_covered": 100.0, "percent_covered_display": "100.00", "missing_lines": 0, "excluded_lines": 0}, "missing_lines": [], "excluded_lines": []}}, "classes": {"Tokenizer": {"executed_lines": [11, 13], "summary": {"covered_lines": 2, "num_statements": 2, "percent_covered": 100.0, "percent_covered_display": "100.00", "missing_lines": 0, "excluded_lines": 0}, "missing_lines": [], "excluded_lines": []}, "WhitespaceTokenizer": {"executed_lines": [], "summary": {"covered_lines": 0, "num_statements": 5, "percent_covered": 0.0, "percent_covered_display": "0.00", "missing_lines": 5, "excluded_lines": 0}, "missing_lines": [18, 20, 21, 24, 27], "excluded_lines": []}, "TiktokenTokenizer": {"executed_lines": [32, 34, 35, 36, 41, 42, 45, 51, 52, 53, 54, 60], "summary": {"covered_lines": 12, "num_statements": 15, "percent_covered": 80.0, "percent_covered_display": "80.00", "missing_lines": 3, "excluded_lines": 0}, "missing_lines": [37, 38, 48], "excluded_lines": []}, "HuggingFaceTokenizerWrapper": {"executed_lines": [65, 69, 70, 76, 77, 79, 80, 81, 82, 89, 90], "summary": {"covered_lines": 11, "num_statements": 14, "percent_covered": 78.57142857142857, "percent_covered_display": "78.57", "missing_lines": 3, "excluded_lines": 0}, "missing_lines": [83, 84, 86], "excluded_lines": []}, "": {"executed_lines": [1, 3, 4, 5, 7, 10, 16, 17, 23, 26, 30, 31, 40, 47, 50, 63, 64, 67, 72, 88, 93, 94, 95, 97, 98, 99, 101, 103, 104, 105, 126, 127, 129, 130, 132, 135, 137, 138, 140, 141, 142, 143, 150], "summary": {"covered_lines": 43, "num_statements": 61, "percent_covered": 70.49180327868852, "percent_covered_display": "70.49", "missing_lines": 18, "excluded_lines": 0}, "missing_lines": [106, 107, 108, 109, 110, 111, 112, 113, 115, 116, 118, 119, 120, 121, 123, 144, 145, 147], "excluded_lines": []}}}, "src\\glitchlings\\attack_config.py": {"executed_lines": [], "summary": {"covered_lines": 0, "num_statements": 3, "percent_covered": 0.0, "percent_covered_display": "0.00", "missing_lines": 3, "excluded_lines": 0}, "missing_lines": [6, 8, 17], "excluded_lines": [], "functions": {"": {"executed_lines": [], "summary": {"covered_lines": 0, "num_statements": 3, "percent_covered": 0.0, "percent_covered_display": "0.00", "missing_lines": 3, "excluded_lines": 0}, "missing_lines": [6, 8, 17], "excluded_lines": []}}, "classes": {"": {"executed_lines": [], "summary": {"covered_lines": 0, "num_statements": 3, "percent_covered": 0.0, "percent_covered_display": "0.00", "missing_lines": 3, "excluded_lines": 0}, "missing_lines": [6, 8, 17], "excluded_lines": []}}}, "src\\glitchlings\\auggie.py": {"executed_lines": [1, 3, 5, 6, 8, 9, 10, 11, 12, 13, 14, 15, 16, 17, 18, 19, 20, 21, 24, 25, 27, 33, 34, 35, 36, 40, 42, 43, 44, 45, 46, 47, 48, 50, 51, 52, 53, 55, 61, 70, 72, 82, 91, 94, 96, 108, 119, 127, 129, 137, 139, 154, 168, 179, 189, 192, 194, 202, 204, 213, 215, 225, 235], "summary": {"covered_lines": 61, "num_statements": 67, "percent_covered": 91.04477611940298, "percent_covered_display": "91.04", "missing_lines": 6, "excluded_lines": 0}, "missing_lines": [37, 38, 56, 57, 58, 59], "excluded_lines": [], "functions": {"Auggie.__init__": {"executed_lines": [33, 34, 35, 36, 40], "summary": {"covered_lines": 5, "num_statements": 7, "percent_covered": 71.42857142857143, "percent_covered_display": "71.43", "missing_lines": 2, "excluded_lines": 0}, "missing_lines": [37, 38], "excluded_lines": []}, "Auggie._rebuild_plan": {"executed_lines": [43, 44, 45, 46, 47, 48], "summary": {"covered_lines": 6, "num_statements": 6, "percent_covered": 100.0, "percent_covered_display": "100.00", "missing_lines": 0, "excluded_lines": 0}, "missing_lines": [], "excluded_lines": []}, "Auggie._enqueue": {"executed_lines": [51, 52, 53], "summary": {"covered_lines": 3, "num_statements": 3, "percent_covered": 100.0, "percent_covered_display": "100.00", "missing_lines": 0, "excluded_lines": 0}, "missing_lines": [], "excluded_lines": []}, "Auggie.clone": {"executed_lines": [], "summary": {"covered_lines": 0, "num_statements": 4, "percent_covered": 0.0, "percent_covered_display": "0.00", "missing_lines": 4, "excluded_lines": 0}, "missing_lines": [56, 57, 58, 59], "excluded_lines": []}, "Auggie.typo": {"executed_lines": [70], "summary": {"covered_lines": 1, "num_statements": 1, "percent_covered": 100.0, "percent_covered_display": "100.00", "missing_lines": 0, "excluded_lines": 0}, "missing_lines": [], "excluded_lines": []}, "Auggie.confusable": {"executed_lines": [82], "summary": {"covered_lines": 1, "num_statements": 1, "percent_covered": 100.0, "percent_covered_display": "100.00", "missing_lines": 0, "excluded_lines": 0}, "missing_lines": [], "excluded_lines": []}, "Auggie.curly_quotes": {"executed_lines": [94], "summary": {"covered_lines": 1, "num_statements": 1, "percent_covered": 100.0, "percent_covered_display": "100.00", "missing_lines": 0, "excluded_lines": 0}, "missing_lines": [], "excluded_lines": []}, "Auggie.stretch": {"executed_lines": [108], "summary": {"covered_lines": 1, "num_statements": 1, "percent_covered": 100.0, "percent_covered_display": "100.00", "missing_lines": 0, "excluded_lines": 0}, "missing_lines": [], "excluded_lines": []}, "Auggie.homophone": {"executed_lines": [127], "summary": {"covered_lines": 1, "num_statements": 1, "percent_covered": 100.0, "percent_covered_display": "100.00", "missing_lines": 0, "excluded_lines": 0}, "missing_lines": [], "excluded_lines": []}, "Auggie.pedantry": {"executed_lines": [137], "summary": {"covered_lines": 1, "num_statements": 1, "percent_covered": 100.0, "percent_covered_display": "100.00", "missing_lines": 0, "excluded_lines": 0}, "missing_lines": [], "excluded_lines": []}, "Auggie.remix": {"executed_lines": [154], "summary": {"covered_lines": 1, "num_statements": 1, "percent_covered": 100.0, "percent_covered_display": "100.00", "missing_lines": 0, "excluded_lines": 0}, "missing_lines": [], "excluded_lines": []}, "Auggie.redact": {"executed_lines": [179], "summary": {"covered_lines": 1, "num_statements": 1, "percent_covered": 100.0, "percent_covered_display": "100.00", "missing_lines": 0, "excluded_lines": 0}, "missing_lines": [], "excluded_lines": []}, "Auggie.recolor": {"executed_lines": [192], "summary": {"covered_lines": 1, "num_statements": 1, "percent_covered": 100.0, "percent_covered_display": "100.00", "missing_lines": 0, "excluded_lines": 0}, "missing_lines": [], "excluded_lines": []}, "Auggie.ocr": {"executed_lines": [202], "summary": {"covered_lines": 1, "num_statements": 1, "percent_covered": 100.0, "percent_covered_display": "100.00", "missing_lines": 0, "excluded_lines": 0}, "missing_lines": [], "excluded_lines": []}, "Auggie.zero_width": {"executed_lines": [213], "summary": {"covered_lines": 1, "num_statements": 1, "percent_covered": 100.0, "percent_covered_display": "100.00", "missing_lines": 0, "excluded_lines": 0}, "missing_lines": [], "excluded_lines": []}, "Auggie.synonym": {"executed_lines": [225], "summary": {"covered_lines": 1, "num_statements": 1, "percent_covered": 100.0, "percent_covered_display": "100.00", "missing_lines": 0, "excluded_lines": 0}, "missing_lines": [], "excluded_lines": []}, "": {"executed_lines": [1, 3, 5, 6, 8, 9, 10, 11, 12, 13, 14, 15, 16, 17, 18, 19, 20, 21, 24, 25, 27, 42, 50, 55, 61, 72, 91, 96, 119, 129, 139, 168, 189, 194, 204, 215, 235], "summary": {"covered_lines": 35, "num_statements": 35, "percent_covered": 100.0, "percent_covered_display": "100.00", "missing_lines": 0, "excluded_lines": 0}, "missing_lines": [], "excluded_lines": []}}, "classes": {"Auggie": {"executed_lines": [33, 34, 35, 36, 40, 43, 44, 45, 46, 47, 48, 51, 52, 53, 70, 82, 94, 108, 127, 137, 154, 179, 192, 202, 213, 225], "summary": {"covered_lines": 26, "num_statements": 32, "percent_covered": 81.25, "percent_covered_display": "81.25", "missing_lines": 6, "excluded_lines": 0}, "missing_lines": [37, 38, 56, 57, 58, 59], "excluded_lines": []}, "": {"executed_lines": [1, 3, 5, 6, 8, 9, 10, 11, 12, 13, 14, 15, 16, 17, 18, 19, 20, 21, 24, 25, 27, 42, 50, 55, 61, 72, 91, 96, 119, 129, 139, 168, 189, 194, 204, 215, 235], "summary": {"covered_lines": 35, "num_statements": 35, "percent_covered": 100.0, "percent_covered_display": "100.00", "missing_lines": 0, "excluded_lines": 0}, "missing_lines": [], "excluded_lines": []}}}, "src\\glitchlings\\compat\\__init__.py": {"executed_lines": [1, 22, 25, 47, 49], "summary": {"covered_lines": 4, "num_statements": 4, "percent_covered": 100.0, "percent_covered_display": "100.00", "missing_lines": 0, "excluded_lines": 0}, "missing_lines": [], "excluded_lines": [], "functions": {"": {"executed_lines": [1, 22, 25, 47, 49], "summary": {"covered_lines": 4, "num_statements": 4, "percent_covered": 100.0, "percent_covered_display": "100.00", "missing_lines": 0, "excluded_lines": 0}, "missing_lines": [], "excluded_lines": []}}, "classes": {"": {"executed_lines": [1, 22, 25, 47, 49], "summary": {"covered_lines": 4, "num_statements": 4, "percent_covered": 100.0, "percent_covered_display": "100.00", "missing_lines": 0, "excluded_lines": 0}, "missing_lines": [], "excluded_lines": []}}}, "src\\glitchlings\\compat\\loaders.py": {"executed_lines": [1, 14, 16, 17, 18, 19, 21, 22, 24, 27, 30, 32, 33, 35, 38, 41, 44, 47, 50, 53, 56, 59, 62, 65, 68, 71, 74, 75, 76, 82, 83, 86, 87, 88, 96, 97, 98, 99, 100, 101, 103, 104, 105, 106, 107, 108, 109, 110, 111, 113, 114, 115, 116, 117, 118, 120, 121, 122, 123, 125, 127, 128, 129, 133, 135, 136, 137, 138, 139, 140, 142, 144, 145, 146, 147, 148, 149, 151, 153, 154, 155, 156, 158, 160, 161, 163, 164, 167, 169, 170, 171, 172, 174, 176, 177, 179, 180, 181, 183, 184, 186, 187, 194, 198, 199, 200, 201, 202, 203, 206, 208, 209, 217, 219, 222, 224, 227, 229, 232, 234, 237, 239, 242, 244, 247, 252, 274, 280, 281, 285, 286, 287, 288, 290, 291, 292, 294, 295, 296, 298, 299, 300, 301, 304, 305, 308, 309, 310, 311, 312, 313, 316, 317, 318, 320, 321, 322, 323, 324, 325, 326, 329, 330, 331, 334], "summary": {"covered_lines": 148, "num_statements": 170, "percent_covered": 87.05882352941177, "percent_covered_display": "87.06", "missing_lines": 22, "excluded_lines": 41}, "missing_lines": [130, 131, 162, 165, 178, 249, 254, 255, 256, 258, 259, 260, 262, 263, 264, 266, 282, 283, 293, 302, 303, 319], "excluded_lines": [32, 33, 34, 35, 36, 37, 38, 39, 40, 41, 42, 43, 44, 45, 46, 47, 48, 49, 50, 51, 52, 53, 54, 55, 56, 57, 58, 59, 60, 61, 62, 63, 64, 65, 66, 67, 68, 69, 70, 71, 72], "functions": {"_build_lightning_stub": {"executed_lines": [30, 32, 33, 35, 38, 41, 44, 47, 50, 53, 56, 59, 62, 65, 68, 71, 74, 75, 76, 82, 83], "summary": {"covered_lines": 6, "num_statements": 6, "percent_covered": 100.0, "percent_covered_display": "100.00", "missing_lines": 0, "excluded_lines": 28}, "missing_lines": [], "excluded_lines": [32, 33, 34, 35, 37, 38, 40, 41, 43, 44, 46, 47, 49, 50, 52, 53, 55, 56, 58, 59, 61, 62, 64, 65, 67, 68, 70, 71]}, "_build_lightning_stub.LightningDataModule.__init__": {"executed_lines": [], "summary": {"covered_lines": 0, "num_statements": 0, "percent_covered": 100.0, "percent_covered_display": "100.00", "missing_lines": 0, "excluded_lines": 1}, "missing_lines": [], "excluded_lines": [36]}, "_build_lightning_stub.LightningDataModule.prepare_data": {"executed_lines": [], "summary": {"covered_lines": 0, "num_statements": 0, "percent_covered": 100.0, "percent_covered_display": "100.00", "missing_lines": 0, "excluded_lines": 1}, "missing_lines": [], "excluded_lines": [39]}, "_build_lightning_stub.LightningDataModule.setup": {"executed_lines": [], "summary": {"covered_lines": 0, "num_statements": 0, "percent_covered": 100.0, "percent_covered_display": "100.00", "missing_lines": 0, "excluded_lines": 1}, "missing_lines": [], "excluded_lines": [42]}, "_build_lightning_stub.LightningDataModule.teardown": {"executed_lines": [], "summary": {"covered_lines": 0, "num_statements": 0, "percent_covered": 100.0, "percent_covered_display": "100.00", "missing_lines": 0, "excluded_lines": 1}, "missing_lines": [], "excluded_lines": [45]}, "_build_lightning_stub.LightningDataModule.state_dict": {"executed_lines": [], "summary": {"covered_lines": 0, "num_statements": 0, "percent_covered": 100.0, "percent_covered_display": "100.00", "missing_lines": 0, "excluded_lines": 1}, "missing_lines": [], "excluded_lines": [48]}, "_build_lightning_stub.LightningDataModule.load_state_dict": {"executed_lines": [], "summary": {"covered_lines": 0, "num_statements": 0, "percent_covered": 100.0, "percent_covered_display": "100.00", "missing_lines": 0, "excluded_lines": 1}, "missing_lines": [], "excluded_lines": [51]}, "_build_lightning_stub.LightningDataModule.transfer_batch_to_device": {"executed_lines": [], "summary": {"covered_lines": 0, "num_statements": 0, "percent_covered": 100.0, "percent_covered_display": "100.00", "missing_lines": 0, "excluded_lines": 1}, "missing_lines": [], "excluded_lines": [54]}, "_build_lightning_stub.LightningDataModule.on_before_batch_transfer": {"executed_lines": [], "summary": {"covered_lines": 0, "num_statements": 0, "percent_covered": 100.0, "percent_covered_display": "100.00", "missing_lines": 0, "excluded_lines": 1}, "missing_lines": [], "excluded_lines": [57]}, "_build_lightning_stub.LightningDataModule.on_after_batch_transfer": {"executed_lines": [], "summary": {"covered_lines": 0, "num_statements": 0, "percent_covered": 100.0, "percent_covered_display": "100.00", "missing_lines": 0, "excluded_lines": 1}, "missing_lines": [], "excluded_lines": [60]}, "_build_lightning_stub.LightningDataModule.train_dataloader": {"executed_lines": [], "summary": {"covered_lines": 0, "num_statements": 0, "percent_covered": 100.0, "percent_covered_display": "100.00", "missing_lines": 0, "excluded_lines": 1}, "missing_lines": [], "excluded_lines": [63]}, "_build_lightning_stub.LightningDataModule.val_dataloader": {"executed_lines": [], "summary": {"covered_lines": 0, "num_statements": 0, "percent_covered": 100.0, "percent_covered_display": "100.00", "missing_lines": 0, "excluded_lines": 1}, "missing_lines": [], "excluded_lines": [66]}, "_build_lightning_stub.LightningDataModule.test_dataloader": {"executed_lines": [], "summary": {"covered_lines": 0, "num_statements": 0, "percent_covered": 100.0, "percent_covered_display": "100.00", "missing_lines": 0, "excluded_lines": 1}, "missing_lines": [], "excluded_lines": [69]}, "_build_lightning_stub.LightningDataModule.predict_dataloader": {"executed_lines": [], "summary": {"covered_lines": 0, "num_statements": 0, "percent_covered": 100.0, "percent_covered_display": "100.00", "missing_lines": 0, "excluded_lines": 1}, "missing_lines": [], "excluded_lines": [72]}, "OptionalDependency._attempt_import": {"executed_lines": [104, 105, 106, 107, 108, 109, 110, 111, 113, 114, 115, 116, 117, 118, 120, 121, 122, 123], "summary": {"covered_lines": 18, "num_statements": 18, "percent_covered": 100.0, "percent_covered_display": "100.00", "missing_lines": 0, "excluded_lines": 0}, "missing_lines": [], "excluded_lines": []}, "OptionalDependency._raise_missing_error": {"executed_lines": [127, 128, 129], "summary": {"covered_lines": 3, "num_statements": 5, "percent_covered": 60.0, "percent_covered_display": "60.00", "missing_lines": 2, "excluded_lines": 0}, "missing_lines": [130, 131], "excluded_lines": []}, "OptionalDependency.get": {"executed_lines": [135, 136, 137, 138, 139, 140], "summary": {"covered_lines": 6, "num_statements": 6, "percent_covered": 100.0, "percent_covered_display": "100.00", "missing_lines": 0, "excluded_lines": 0}, "missing_lines": [], "excluded_lines": []}, "OptionalDependency.load": {"executed_lines": [144, 145, 146, 147, 148, 149], "summary": {"covered_lines": 6, "num_statements": 6, "percent_covered": 100.0, "percent_covered_display": "100.00", "missing_lines": 0, "excluded_lines": 0}, "missing_lines": [], "excluded_lines": []}, "OptionalDependency.require": {"executed_lines": [153, 154, 155, 156], "summary": {"covered_lines": 4, "num_statements": 4, "percent_covered": 100.0, "percent_covered_display": "100.00", "missing_lines": 0, "excluded_lines": 0}, "missing_lines": [], "excluded_lines": []}, "OptionalDependency.available": {"executed_lines": [160, 161, 163, 164], "summary": {"covered_lines": 4, "num_statements": 6, "percent_covered": 66.66666666666667, "percent_covered_display": "66.67", "missing_lines": 2, "excluded_lines": 0}, "missing_lines": [162, 165], "excluded_lines": []}, "OptionalDependency.reset": {"executed_lines": [169, 170, 171, 172], "summary": {"covered_lines": 4, "num_statements": 4, "percent_covered": 100.0, "percent_covered_display": "100.00", "missing_lines": 0, "excluded_lines": 0}, "missing_lines": [], "excluded_lines": []}, "OptionalDependency.attr": {"executed_lines": [176, 177, 179, 180, 181], "summary": {"covered_lines": 5, "num_statements": 6, "percent_covered": 83.33333333333333, "percent_covered_display": "83.33", "missing_lines": 1, "excluded_lines": 0}, "missing_lines": [178], "excluded_lines": []}, "OptionalDependency.error": {"executed_lines": [186, 187], "summary": {"covered_lines": 2, "num_statements": 2, "percent_covered": 100.0, "percent_covered_display": "100.00", "missing_lines": 0, "excluded_lines": 0}, "missing_lines": [], "excluded_lines": []}, "reset_optional_dependencies": {"executed_lines": [208, 209], "summary": {"covered_lines": 2, "num_statements": 2, "percent_covered": 100.0, "percent_covered_display": "100.00", "missing_lines": 0, "excluded_lines": 0}, "missing_lines": [], "excluded_lines": []}, "get_datasets_dataset": {"executed_lines": [219], "summary": {"covered_lines": 1, "num_statements": 1, "percent_covered": 100.0, "percent_covered_display": "100.00", "missing_lines": 0, "excluded_lines": 0}, "missing_lines": [], "excluded_lines": []}, "require_datasets": {"executed_lines": [224], "summary": {"covered_lines": 1, "num_statements": 1, "percent_covered": 100.0, "percent_covered_display": "100.00", "missing_lines": 0, "excluded_lines": 0}, "missing_lines": [], "excluded_lines": []}, "get_pytorch_lightning_datamodule": {"executed_lines": [229], "summary": {"covered_lines": 1, "num_statements": 1, "percent_covered": 100.0, "percent_covered_display": "100.00", "missing_lines": 0, "excluded_lines": 0}, "missing_lines": [], "excluded_lines": []}, "require_pytorch_lightning": {"executed_lines": [234], "summary": {"covered_lines": 1, "num_statements": 1, "percent_covered": 100.0, "percent_covered_display": "100.00", "missing_lines": 0, "excluded_lines": 0}, "missing_lines": [], "excluded_lines": []}, "require_verifiers": {"executed_lines": [239], "summary": {"covered_lines": 1, "num_statements": 1, "percent_covered": 100.0, "percent_covered_display": "100.00", "missing_lines": 0, "excluded_lines": 0}, "missing_lines": [], "excluded_lines": []}, "require_jellyfish": {"executed_lines": [244], "summary": {"covered_lines": 1, "num_statements": 1, "percent_covered": 100.0, "percent_covered_display": "100.00", "missing_lines": 0, "excluded_lines": 0}, "missing_lines": [], "excluded_lines": []}, "require_torch": {"executed_lines": [], "summary": {"covered_lines": 0, "num_statements": 1, "percent_covered": 0.0, "percent_covered_display": "0.00", "missing_lines": 1, "excluded_lines": 0}, "missing_lines": [249], "excluded_lines": []}, "get_torch_dataloader": {"executed_lines": [], "summary": {"covered_lines": 0, "num_statements": 10, "percent_covered": 0.0, "percent_covered_display": "0.00", "missing_lines": 10, "excluded_lines": 0}, "missing_lines": [254, 255, 256, 258, 259, 260, 262, 263, 264, 266], "excluded_lines": []}, "get_installed_extras": {"executed_lines": [280, 281, 285, 286, 287, 288, 290, 291, 292, 294, 295, 296, 298, 299, 300, 301, 304, 305], "summary": {"covered_lines": 18, "num_statements": 23, "percent_covered": 78.26086956521739, "percent_covered_display": "78.26", "missing_lines": 5, "excluded_lines": 0}, "missing_lines": [282, 283, 293, 302, 303], "excluded_lines": []}, "_distribution_installed": {"executed_lines": [309, 310, 311, 312, 313], "summary": {"covered_lines": 5, "num_statements": 5, "percent_covered": 100.0, "percent_covered_display": "100.00", "missing_lines": 0, "excluded_lines": 0}, "missing_lines": [], "excluded_lines": []}, "_extras_from_requirement": {"executed_lines": [317, 318, 320, 321, 322, 323, 324, 325, 326], "summary": {"covered_lines": 9, "num_statements": 10, "percent_covered": 90.0, "percent_covered_display": "90.00", "missing_lines": 1, "excluded_lines": 0}, "missing_lines": [319], "excluded_lines": []}, "_requirement_name": {"executed_lines": [330, 331], "summary": {"covered_lines": 2, "num_statements": 2, "percent_covered": 100.0, "percent_covered_display": "100.00", "missing_lines": 0, "excluded_lines": 0}, "missing_lines": [], "excluded_lines": []}, "": {"executed_lines": [1, 14, 16, 17, 18, 19, 21, 22, 24, 27, 86, 87, 88, 96, 97, 98, 99, 100, 101, 103, 125, 133, 142, 151, 158, 167, 174, 183, 184, 194, 198, 199, 200, 201, 202, 203, 206, 217, 222, 227, 232, 237, 242, 247, 252, 274, 308, 316, 329, 334], "summary": {"covered_lines": 48, "num_statements": 48, "percent_covered": 100.0, "percent_covered_display": "100.00", "missing_lines": 0, "excluded_lines": 0}, "missing_lines": [], "excluded_lines": []}}, "classes": {"_build_lightning_stub.LightningDataModule": {"executed_lines": [], "summary": {"covered_lines": 0, "num_statements": 0, "percent_covered": 100.0, "percent_covered_display": "100.00", "missing_lines": 0, "excluded_lines": 13}, "missing_lines": [], "excluded_lines": [36, 39, 42, 45, 48, 51, 54, 57, 60, 63, 66, 69, 72]}, "OptionalDependency": {"executed_lines": [104, 105, 106, 107, 108, 109, 110, 111, 113, 114, 115, 116, 117, 118, 120, 121, 122, 123, 127, 128, 129, 135, 136, 137, 138, 139, 140, 144, 145, 146, 147, 148, 149, 153, 154, 155, 156, 160, 161, 163, 164, 169, 170, 171, 172, 176, 177, 179, 180, 181, 186, 187], "summary": {"covered_lines": 52, "num_statements": 57, "percent_covered": 91.2280701754386, "percent_covered_display": "91.23", "missing_lines": 5, "excluded_lines": 0}, "missing_lines": [130, 131, 162, 165, 178], "excluded_lines": []}, "": {"executed_lines": [1, 14, 16, 17, 18, 19, 21, 22, 24, 27, 30, 32, 33, 35, 38, 41, 44, 47, 50, 53, 56, 59, 62, 65, 68, 71, 74, 75, 76, 82, 83, 86, 87, 88, 96, 97, 98, 99, 100, 101, 103, 125, 133, 142, 151, 158, 167, 174, 183, 184, 194, 198, 199, 200, 201, 202, 203, 206, 208, 209, 217, 219, 222, 224, 227, 229, 232, 234, 237, 239, 242, 244, 247, 252, 274, 280, 281, 285, 286, 287, 288, 290, 291, 292, 294, 295, 296, 298, 299, 300, 301, 304, 305, 308, 309, 310, 311, 312, 313, 316, 317, 318, 320, 321, 322, 323, 324, 325, 326, 329, 330, 331, 334], "summary": {"covered_lines": 96, "num_statements": 113, "percent_covered": 84.95575221238938, "percent_covered_display": "84.96", "missing_lines": 17, "excluded_lines": 28}, "missing_lines": [249, 254, 255, 256, 258, 259, 260, 262, 263, 264, 266, 282, 283, 293, 302, 303, 319], "excluded_lines": [32, 33, 34, 35, 37, 38, 40, 41, 43, 44, 46, 47, 49, 50, 52, 53, 55, 56, 58, 59, 61, 62, 64, 65, 67, 68, 70, 71]}}}, "src\\glitchlings\\compat\\types.py": {"executed_lines": [1, 13, 16, 17, 19, 21, 25, 26, 29], "summary": {"covered_lines": 6, "num_statements": 6, "percent_covered": 100.0, "percent_covered_display": "100.00", "missing_lines": 0, "excluded_lines": 2}, "missing_lines": [], "excluded_lines": [21, 22], "functions": {"_MissingSentinel.__repr__": {"executed_lines": [], "summary": {"covered_lines": 0, "num_statements": 0, "percent_covered": 100.0, "percent_covered_display": "100.00", "missing_lines": 0, "excluded_lines": 1}, "missing_lines": [], "excluded_lines": [22]}, "": {"executed_lines": [1, 13, 16, 17, 19, 21, 25, 26, 29], "summary": {"covered_lines": 6, "num_statements": 6, "percent_covered": 100.0, "percent_covered_display": "100.00", "missing_lines": 0, "excluded_lines": 1}, "missing_lines": [], "excluded_lines": [21]}}, "classes": {"_MissingSentinel": {"executed_lines": [], "summary": {"covered_lines": 0, "num_statements": 0, "percent_covered": 100.0, "percent_covered_display": "100.00", "missing_lines": 0, "excluded_lines": 1}, "missing_lines": [], "excluded_lines": [22]}, "": {"executed_lines": [1, 13, 16, 17, 19, 21, 25, 26, 29], "summary": {"covered_lines": 6, "num_statements": 6, "percent_covered": 100.0, "percent_covered_display": "100.00", "missing_lines": 0, "excluded_lines": 1}, "missing_lines": [], "excluded_lines": [21]}}}, "src\\glitchlings\\conf\\__init__.py": {"executed_lines": [1, 11, 13, 22, 29], "summary": {"covered_lines": 4, "num_statements": 4, "percent_covered": 100.0, "percent_covered_display": "100.00", "missing_lines": 0, "excluded_lines": 0}, "missing_lines": [], "excluded_lines": [], "functions": {"": {"executed_lines": [1, 11, 13, 22, 29], "summary": {"covered_lines": 4, "num_statements": 4, "percent_covered": 100.0, "percent_covered_display": "100.00", "missing_lines": 0, "excluded_lines": 0}, "missing_lines": [], "excluded_lines": []}}, "classes": {"": {"executed_lines": [1, 11, 13, 22, 29], "summary": {"covered_lines": 4, "num_statements": 4, "percent_covered": 100.0, "percent_covered_display": "100.00", "missing_lines": 0, "excluded_lines": 0}, "missing_lines": [], "excluded_lines": []}}}, "src\\glitchlings\\conf\\loaders.py": {"executed_lines": [1, 13, 15, 16, 17, 18, 19, 21, 23, 24, 31, 33, 41, 42, 47, 48, 51, 52, 54, 57, 58, 65, 68, 70, 71, 72, 73, 80, 83, 86, 89, 91, 92, 95, 98, 99, 100, 108, 116, 117, 118, 119, 120, 121, 122, 124, 126, 127, 132, 144, 150, 151, 154, 161, 164, 174, 179, 180, 182, 196, 198, 199, 206, 208, 210, 215, 219, 224, 232, 234, 235, 236, 237, 240, 246, 255, 258, 260, 263, 264, 265, 266, 271, 273, 274, 275, 277, 279, 282, 284, 286, 287, 288, 290, 293, 295, 297, 298, 299, 303, 304, 307, 309, 312, 313, 314, 318, 320, 324, 325, 329, 330, 339], "summary": {"covered_lines": 111, "num_statements": 127, "percent_covered": 87.4015748031496, "percent_covered_display": "87.40", "missing_lines": 16, "excluded_lines": 7}, "missing_lines": [123, 129, 153, 175, 176, 177, 300, 301, 305, 310, 315, 326, 327, 331, 332, 336], "excluded_lines": [33, 34, 43, 44, 267, 268, 269], "functions": {"_TomllibModule.load": {"executed_lines": [48], "summary": {"covered_lines": 1, "num_statements": 1, "percent_covered": 100.0, "percent_covered_display": "100.00", "missing_lines": 0, "excluded_lines": 0}, "missing_lines": [], "excluded_lines": []}, "_YamlModule.safe_load": {"executed_lines": [54], "summary": {"covered_lines": 1, "num_statements": 1, "percent_covered": 100.0, "percent_covered_display": "100.00", "missing_lines": 0, "excluded_lines": 0}, "missing_lines": [], "excluded_lines": []}, "_resolve_config_path": {"executed_lines": [70, 71, 72, 73], "summary": {"covered_lines": 4, "num_statements": 4, "percent_covered": 100.0, "percent_covered_display": "100.00", "missing_lines": 0, "excluded_lines": 0}, "missing_lines": [], "excluded_lines": []}, "reset_config": {"executed_lines": [86], "summary": {"covered_lines": 1, "num_statements": 1, "percent_covered": 100.0, "percent_covered_display": "100.00", "missing_lines": 0, "excluded_lines": 0}, "missing_lines": [], "excluded_lines": []}, "reload_config": {"executed_lines": [91, 92], "summary": {"covered_lines": 2, "num_statements": 2, "percent_covered": 100.0, "percent_covered_display": "100.00", "missing_lines": 0, "excluded_lines": 0}, "missing_lines": [], "excluded_lines": []}, "get_config": {"executed_lines": [98, 99, 100], "summary": {"covered_lines": 3, "num_statements": 3, "percent_covered": 100.0, "percent_covered_display": "100.00", "missing_lines": 0, "excluded_lines": 0}, "missing_lines": [], "excluded_lines": []}, "_read_text_source": {"executed_lines": [116, 117, 118, 119, 120, 121, 122, 124, 126, 127], "summary": {"covered_lines": 10, "num_statements": 12, "percent_covered": 83.33333333333333, "percent_covered_display": "83.33", "missing_lines": 2, "excluded_lines": 0}, "missing_lines": [123, 129], "excluded_lines": []}, "load_text_config": {"executed_lines": [144, 150, 151, 154, 161], "summary": {"covered_lines": 5, "num_statements": 6, "percent_covered": 83.33333333333333, "percent_covered_display": "83.33", "missing_lines": 1, "excluded_lines": 0}, "missing_lines": [153], "excluded_lines": []}, "load_binary_config": {"executed_lines": [174, 179, 180, 182], "summary": {"covered_lines": 4, "num_statements": 7, "percent_covered": 57.142857142857146, "percent_covered_display": "57.14", "missing_lines": 3, "excluded_lines": 0}, "missing_lines": [175, 176, 177], "excluded_lines": []}, "_load_runtime_config": {"executed_lines": [198, 199, 206, 208, 210, 215, 219, 224], "summary": {"covered_lines": 8, "num_statements": 8, "percent_covered": 100.0, "percent_covered_display": "100.00", "missing_lines": 0, "excluded_lines": 0}, "missing_lines": [], "excluded_lines": []}, "_load_yaml": {"executed_lines": [234, 235, 236, 237], "summary": {"covered_lines": 4, "num_statements": 4, "percent_covered": 100.0, "percent_covered_display": "100.00", "missing_lines": 0, "excluded_lines": 0}, "missing_lines": [], "excluded_lines": []}, "load_attack_config": {"executed_lines": [246, 255], "summary": {"covered_lines": 2, "num_statements": 2, "percent_covered": 100.0, "percent_covered_display": "100.00", "missing_lines": 0, "excluded_lines": 0}, "missing_lines": [], "excluded_lines": []}, "parse_attack_config": {"executed_lines": [260, 263, 264, 265, 266, 271, 273, 274, 275, 277, 279], "summary": {"covered_lines": 11, "num_statements": 11, "percent_covered": 100.0, "percent_covered_display": "100.00", "missing_lines": 0, "excluded_lines": 3}, "missing_lines": [], "excluded_lines": [267, 268, 269]}, "build_gaggle": {"executed_lines": [284, 286, 287, 288, 290], "summary": {"covered_lines": 5, "num_statements": 5, "percent_covered": 100.0, "percent_covered_display": "100.00", "missing_lines": 0, "excluded_lines": 0}, "missing_lines": [], "excluded_lines": []}, "_build_glitchling": {"executed_lines": [295, 297, 298, 299, 303, 304, 307, 309, 312, 313, 314, 318, 320, 324, 325, 329, 330], "summary": {"covered_lines": 17, "num_statements": 27, "percent_covered": 62.96296296296296, "percent_covered_display": "62.96", "missing_lines": 10, "excluded_lines": 0}, "missing_lines": [300, 301, 305, 310, 315, 326, 327, 331, 332, 336], "excluded_lines": []}, "": {"executed_lines": [1, 13, 15, 16, 17, 18, 19, 21, 23, 24, 31, 33, 41, 42, 47, 51, 52, 57, 58, 65, 68, 80, 83, 89, 95, 108, 132, 164, 196, 232, 240, 258, 282, 293, 339], "summary": {"covered_lines": 33, "num_statements": 33, "percent_covered": 100.0, "percent_covered_display": "100.00", "missing_lines": 0, "excluded_lines": 4}, "missing_lines": [], "excluded_lines": [33, 34, 43, 44]}}, "classes": {"_TomllibModule": {"executed_lines": [48], "summary": {"covered_lines": 1, "num_statements": 1, "percent_covered": 100.0, "percent_covered_display": "100.00", "missing_lines": 0, "excluded_lines": 0}, "missing_lines": [], "excluded_lines": []}, "_YamlModule": {"executed_lines": [54], "summary": {"covered_lines": 1, "num_statements": 1, "percent_covered": 100.0, "percent_covered_display": "100.00", "missing_lines": 0, "excluded_lines": 0}, "missing_lines": [], "excluded_lines": []}, "": {"executed_lines": [1, 13, 15, 16, 17, 18, 19, 21, 23, 24, 31, 33, 41, 42, 47, 51, 52, 57, 58, 65, 68, 70, 71, 72, 73, 80, 83, 86, 89, 91, 92, 95, 98, 99, 100, 108, 116, 117, 118, 119, 120, 121, 122, 124, 126, 127, 132, 144, 150, 151, 154, 161, 164, 174, 179, 180, 182, 196, 198, 199, 206, 208, 210, 215, 219, 224, 232, 234, 235, 236, 237, 240, 246, 255, 258, 260, 263, 264, 265, 266, 271, 273, 274, 275, 277, 279, 282, 284, 286, 287, 288, 290, 293, 295, 297, 298, 299, 303, 304, 307, 309, 312, 313, 314, 318, 320, 324, 325, 329, 330, 339], "summary": {"covered_lines": 109, "num_statements": 125, "percent_covered": 87.2, "percent_covered_display": "87.20", "missing_lines": 16, "excluded_lines": 7}, "missing_lines": [123, 129, 153, 175, 176, 177, 300, 301, 305, 310, 315, 326, 327, 331, 332, 336], "excluded_lines": [33, 34, 43, 44, 267, 268, 269]}}}, "src\\glitchlings\\conf\\schema.py": {"executed_lines": [1, 14, 16, 17, 20, 46, 47, 49, 50, 51, 52, 55, 71, 78, 79, 80, 81, 82, 84, 85, 86, 88, 89, 90, 94, 95, 96, 97, 99, 102, 119, 126, 127, 128, 129, 131, 132, 134, 135, 136, 138, 139, 140, 142, 143, 145, 148, 150, 151, 153, 155, 156, 157, 159, 160, 163, 164, 165, 168, 173, 190, 193, 194, 196, 197, 198, 199, 201, 203, 206, 219, 220, 222, 223, 224, 225, 228], "summary": {"covered_lines": 76, "num_statements": 84, "percent_covered": 90.47619047619048, "percent_covered_display": "90.48", "missing_lines": 8, "excluded_lines": 0}, "missing_lines": [48, 91, 92, 152, 161, 170, 191, 200], "excluded_lines": [], "functions": {"normalize_mapping": {"executed_lines": [46, 47, 49, 50, 51, 52], "summary": {"covered_lines": 6, "num_statements": 7, "percent_covered": 85.71428571428571, "percent_covered_display": "85.71", "missing_lines": 1, "excluded_lines": 0}, "missing_lines": [48], "excluded_lines": []}, "validate_runtime_config_data": {"executed_lines": [71, 78, 79, 80, 81, 82, 84, 85, 86, 88, 89, 90, 94, 95, 96, 97, 99], "summary": {"covered_lines": 17, "num_statements": 19, "percent_covered": 89.47368421052632, "percent_covered_display": "89.47", "missing_lines": 2, "excluded_lines": 0}, "missing_lines": [91, 92], "excluded_lines": []}, "validate_attack_config_schema": {"executed_lines": [119, 126, 127, 128, 129, 131, 132, 134, 135, 136, 138, 139, 140, 142, 143, 145], "summary": {"covered_lines": 16, "num_statements": 16, "percent_covered": 100.0, "percent_covered_display": "100.00", "missing_lines": 0, "excluded_lines": 0}, "missing_lines": [], "excluded_lines": []}, "_validate_glitchling_entry": {"executed_lines": [150, 151, 153, 155, 156, 157, 159, 160, 163, 164, 165, 168], "summary": {"covered_lines": 12, "num_statements": 15, "percent_covered": 80.0, "percent_covered_display": "80.00", "missing_lines": 3, "excluded_lines": 0}, "missing_lines": [152, 161, 170], "excluded_lines": []}, "normalize_priority_list": {"executed_lines": [190, 193, 194, 196, 197, 198, 199, 201, 203], "summary": {"covered_lines": 9, "num_statements": 11, "percent_covered": 81.81818181818181, "percent_covered_display": "81.82", "missing_lines": 2, "excluded_lines": 0}, "missing_lines": [191, 200], "excluded_lines": []}, "resolve_relative_path": {"executed_lines": [219, 220, 222, 223, 224, 225], "summary": {"covered_lines": 6, "num_statements": 6, "percent_covered": 100.0, "percent_covered_display": "100.00", "missing_lines": 0, "excluded_lines": 0}, "missing_lines": [], "excluded_lines": []}, "": {"executed_lines": [1, 14, 16, 17, 20, 55, 102, 148, 173, 206, 228], "summary": {"covered_lines": 10, "num_statements": 10, "percent_covered": 100.0, "percent_covered_display": "100.00", "missing_lines": 0, "excluded_lines": 0}, "missing_lines": [], "excluded_lines": []}}, "classes": {"": {"executed_lines": [1, 14, 16, 17, 20, 46, 47, 49, 50, 51, 52, 55, 71, 78, 79, 80, 81, 82, 84, 85, 86, 88, 89, 90, 94, 95, 96, 97, 99, 102, 119, 126, 127, 128, 129, 131, 132, 134, 135, 136, 138, 139, 140, 142, 143, 145, 148, 150, 151, 153, 155, 156, 157, 159, 160, 163, 164, 165, 168, 173, 190, 193, 194, 196, 197, 198, 199, 201, 203, 206, 219, 220, 222, 223, 224, 225, 228], "summary": {"covered_lines": 76, "num_statements": 84, "percent_covered": 90.47619047619048, "percent_covered_display": "90.48", "missing_lines": 8, "excluded_lines": 0}, "missing_lines": [48, 91, 92, 152, 161, 170, 191, 200], "excluded_lines": []}}}, "src\\glitchlings\\conf\\types.py": {"executed_lines": [1, 14, 16, 17, 18, 20, 22, 26, 27, 28, 30, 31, 34, 35, 36, 38, 39, 42, 43, 44, 46, 47, 51, 79], "summary": {"covered_lines": 19, "num_statements": 19, "percent_covered": 100.0, "percent_covered_display": "100.00", "missing_lines": 0, "excluded_lines": 2}, "missing_lines": [], "excluded_lines": [22, 23], "functions": {"": {"executed_lines": [1, 14, 16, 17, 18, 20, 22, 26, 27, 28, 30, 31, 34, 35, 36, 38, 39, 42, 43, 44, 46, 47, 51, 79], "summary": {"covered_lines": 19, "num_statements": 19, "percent_covered": 100.0, "percent_covered_display": "100.00", "missing_lines": 0, "excluded_lines": 2}, "missing_lines": [], "excluded_lines": [22, 23]}}, "classes": {"LexiconConfig": {"executed_lines": [], "summary": {"covered_lines": 0, "num_statements": 0, "percent_covered": 100.0, "percent_covered_display": "100.00", "missing_lines": 0, "excluded_lines": 0}, "missing_lines": [], "excluded_lines": []}, "RuntimeConfig": {"executed_lines": [], "summary": {"covered_lines": 0, "num_statements": 0, "percent_covered": 100.0, "percent_covered_display": "100.00", "missing_lines": 0, "excluded_lines": 0}, "missing_lines": [], "excluded_lines": []}, "AttackConfig": {"executed_lines": [], "summary": {"covered_lines": 0, "num_statements": 0, "percent_covered": 100.0, "percent_covered_display": "100.00", "missing_lines": 0, "excluded_lines": 0}, "missing_lines": [], "excluded_lines": []}, "": {"executed_lines": [1, 14, 16, 17, 18, 20, 22, 26, 27, 28, 30, 31, 34, 35, 36, 38, 39, 42, 43, 44, 46, 47, 51, 79], "summary": {"covered_lines": 19, "num_statements": 19, "percent_covered": 100.0, "percent_covered_display": "100.00", "missing_lines": 0, "excluded_lines": 2}, "missing_lines": [], "excluded_lines": [22, 23]}}}, "src\\glitchlings\\config.py": {"executed_lines": [], "summary": {"covered_lines": 0, "num_statements": 2, "percent_covered": 0.0, "percent_covered_display": "0.00", "missing_lines": 2, "excluded_lines": 0}, "missing_lines": [6, 23], "excluded_lines": [], "functions": {"": {"executed_lines": [], "summary": {"covered_lines": 0, "num_statements": 2, "percent_covered": 0.0, "percent_covered_display": "0.00", "missing_lines": 2, "excluded_lines": 0}, "missing_lines": [6, 23], "excluded_lines": []}}, "classes": {"": {"executed_lines": [], "summary": {"covered_lines": 0, "num_statements": 2, "percent_covered": 0.0, "percent_covered_display": "0.00", "missing_lines": 2, "excluded_lines": 0}, "missing_lines": [6, 23], "excluded_lines": []}}}, "src\\glitchlings\\constants.py": {"executed_lines": [1, 3, 5, 8, 9, 10, 13, 14, 15, 16, 17, 20, 21, 22, 23, 24, 27, 34, 37, 44], "summary": {"covered_lines": 19, "num_statements": 19, "percent_covered": 100.0, "percent_covered_display": "100.00", "missing_lines": 0, "excluded_lines": 0}, "missing_lines": [], "excluded_lines": [], "functions": {"": {"executed_lines": [1, 3, 5, 8, 9, 10, 13, 14, 15, 16, 17, 20, 21, 22, 23, 24, 27, 34, 37, 44], "summary": {"covered_lines": 19, "num_statements": 19, "percent_covered": 100.0, "percent_covered_display": "100.00", "missing_lines": 0, "excluded_lines": 0}, "missing_lines": [], "excluded_lines": []}}, "classes": {"": {"executed_lines": [1, 3, 5, 8, 9, 10, 13, 14, 15, 16, 17, 20, 21, 22, 23, 24, 27, 34, 37, 44], "summary": {"covered_lines": 19, "num_statements": 19, "percent_covered": 100.0, "percent_covered_display": "100.00", "missing_lines": 0, "excluded_lines": 0}, "missing_lines": [], "excluded_lines": []}}}, "src\\glitchlings\\dev\\__init__.py": {"executed_lines": [1, 3, 5], "summary": {"covered_lines": 2, "num_statements": 2, "percent_covered": 100.0, "percent_covered_display": "100.00", "missing_lines": 0, "excluded_lines": 0}, "missing_lines": [], "excluded_lines": [], "functions": {"": {"executed_lines": [1, 3, 5], "summary": {"covered_lines": 2, "num_statements": 2, "percent_covered": 100.0, "percent_covered_display": "100.00", "missing_lines": 0, "excluded_lines": 0}, "missing_lines": [], "excluded_lines": []}}, "classes": {"": {"executed_lines": [1, 3, 5], "summary": {"covered_lines": 2, "num_statements": 2, "percent_covered": 100.0, "percent_covered_display": "100.00", "missing_lines": 0, "excluded_lines": 0}, "missing_lines": [], "excluded_lines": []}}}, "src\\glitchlings\\dev\\docs.py": {"executed_lines": [], "summary": {"covered_lines": 0, "num_statements": 21, "percent_covered": 0.0, "percent_covered_display": "0.00", "missing_lines": 21, "excluded_lines": 2}, "missing_lines": [3, 5, 6, 8, 9, 12, 13, 14, 15, 18, 20, 23, 25, 28, 30, 33, 35, 36, 37, 40, 41], "excluded_lines": [44, 45], "functions": {"_run_script": {"executed_lines": [], "summary": {"covered_lines": 0, "num_statements": 3, "percent_covered": 0.0, "percent_covered_display": "0.00", "missing_lines": 3, "excluded_lines": 0}, "missing_lines": [13, 14, 15], "excluded_lines": []}, "refresh_cli_reference": {"executed_lines": [], "summary": {"covered_lines": 0, "num_statements": 1, "percent_covered": 0.0, "percent_covered_display": "0.00", "missing_lines": 1, "excluded_lines": 0}, "missing_lines": [20], "excluded_lines": []}, "refresh_monster_manual": {"executed_lines": [], "summary": {"covered_lines": 0, "num_statements": 1, "percent_covered": 0.0, "percent_covered_display": "0.00", "missing_lines": 1, "excluded_lines": 0}, "missing_lines": [25], "excluded_lines": []}, "refresh_gallery": {"executed_lines": [], "summary": {"covered_lines": 0, "num_statements": 1, "percent_covered": 0.0, "percent_covered_display": "0.00", "missing_lines": 1, "excluded_lines": 0}, "missing_lines": [30], "excluded_lines": []}, "refresh_all": {"executed_lines": [], "summary": {"covered_lines": 0, "num_statements": 3, "percent_covered": 0.0, "percent_covered_display": "0.00", "missing_lines": 3, "excluded_lines": 0}, "missing_lines": [35, 36, 37], "excluded_lines": []}, "main": {"executed_lines": [], "summary": {"covered_lines": 0, "num_statements": 1, "percent_covered": 0.0, "percent_covered_display": "0.00", "missing_lines": 1, "excluded_lines": 0}, "missing_lines": [41], "excluded_lines": []}, "": {"executed_lines": [], "summary": {"covered_lines": 0, "num_statements": 11, "percent_covered": 0.0, "percent_covered_display": "0.00", "missing_lines": 11, "excluded_lines": 2}, "missing_lines": [3, 5, 6, 8, 9, 12, 18, 23, 28, 33, 40], "excluded_lines": [44, 45]}}, "classes": {"": {"executed_lines": [], "summary": {"covered_lines": 0, "num_statements": 21, "percent_covered": 0.0, "percent_covered_display": "0.00", "missing_lines": 21, "excluded_lines": 2}, "missing_lines": [3, 5, 6, 8, 9, 12, 13, 14, 15, 18, 20, 23, 25, 28, 30, 33, 35, 36, 37, 40, 41], "excluded_lines": [44, 45]}}}, "src\\glitchlings\\dev\\sync_assets.py": {"executed_lines": [1, 3, 5, 6, 7, 8, 9, 11, 14, 15, 17, 20, 21, 22, 26, 29, 30, 33, 34, 37, 38, 39, 45, 46, 49, 57, 58, 59, 60, 62, 63, 67, 70, 71, 77, 78, 79, 89, 98, 101, 131, 153, 160], "summary": {"covered_lines": 41, "num_statements": 92, "percent_covered": 44.56521739130435, "percent_covered_display": "44.57", "missing_lines": 51, "excluded_lines": 2}, "missing_lines": [16, 23, 40, 41, 42, 64, 65, 68, 80, 81, 82, 83, 88, 90, 91, 92, 93, 97, 99, 100, 103, 104, 105, 106, 107, 108, 110, 111, 112, 113, 114, 115, 116, 118, 119, 120, 121, 122, 123, 125, 126, 128, 132, 135, 140, 145, 150, 154, 155, 156, 157], "excluded_lines": [160, 161], "functions": {"_project_root": {"executed_lines": [15, 17], "summary": {"covered_lines": 2, "num_statements": 3, "percent_covered": 66.66666666666667, "percent_covered_display": "66.67", "missing_lines": 1, "excluded_lines": 0}, "missing_lines": [16], "excluded_lines": []}, "_canonical_asset_dir": {"executed_lines": [21, 22, 26], "summary": {"covered_lines": 3, "num_statements": 4, "percent_covered": 75.0, "percent_covered_display": "75.00", "missing_lines": 1, "excluded_lines": 0}, "missing_lines": [23], "excluded_lines": []}, "_package_asset_dir": {"executed_lines": [30], "summary": {"covered_lines": 1, "num_statements": 1, "percent_covered": 100.0, "percent_covered_display": "100.00", "missing_lines": 0, "excluded_lines": 0}, "missing_lines": [], "excluded_lines": []}, "_legacy_rust_asset_dir": {"executed_lines": [34], "summary": {"covered_lines": 1, "num_statements": 1, "percent_covered": 100.0, "percent_covered_display": "100.00", "missing_lines": 0, "excluded_lines": 0}, "missing_lines": [], "excluded_lines": []}, "_iter_legacy_assets": {"executed_lines": [38, 39], "summary": {"covered_lines": 2, "num_statements": 5, "percent_covered": 40.0, "percent_covered_display": "40.00", "missing_lines": 3, "excluded_lines": 0}, "missing_lines": [40, 41, 42], "excluded_lines": []}, "_asset_copy_in_sync": {"executed_lines": [46], "summary": {"covered_lines": 1, "num_statements": 1, "percent_covered": 100.0, "percent_covered_display": "100.00", "missing_lines": 0, "excluded_lines": 0}, "missing_lines": [], "excluded_lines": []}, "sync_assets": {"executed_lines": [57, 58, 59, 60, 62, 63, 67, 70, 71, 77, 78, 79, 89, 98, 101], "summary": {"covered_lines": 15, "num_statements": 52, "percent_covered": 28.846153846153847, "percent_covered_display": "28.85", "missing_lines": 37, "excluded_lines": 0}, "missing_lines": [64, 65, 68, 80, 81, 82, 83, 88, 90, 91, 92, 93, 97, 99, 100, 103, 104, 105, 106, 107, 108, 110, 111, 112, 113, 114, 115, 116, 118, 119, 120, 121, 122, 123, 125, 126, 128], "excluded_lines": []}, "build_parser": {"executed_lines": [], "summary": {"covered_lines": 0, "num_statements": 5, "percent_covered": 0.0, "percent_covered_display": "0.00", "missing_lines": 5, "excluded_lines": 0}, "missing_lines": [132, 135, 140, 145, 150], "excluded_lines": []}, "main": {"executed_lines": [], "summary": {"covered_lines": 0, "num_statements": 4, "percent_covered": 0.0, "percent_covered_display": "0.00", "missing_lines": 4, "excluded_lines": 0}, "missing_lines": [154, 155, 156, 157], "excluded_lines": []}, "": {"executed_lines": [1, 3, 5, 6, 7, 8, 9, 11, 14, 20, 29, 33, 37, 45, 49, 131, 153, 160], "summary": {"covered_lines": 16, "num_statements": 16, "percent_covered": 100.0, "percent_covered_display": "100.00", "missing_lines": 0, "excluded_lines": 2}, "missing_lines": [], "excluded_lines": [160, 161]}}, "classes": {"": {"executed_lines": [1, 3, 5, 6, 7, 8, 9, 11, 14, 15, 17, 20, 21, 22, 26, 29, 30, 33, 34, 37, 38, 39, 45, 46, 49, 57, 58, 59, 60, 62, 63, 67, 70, 71, 77, 78, 79, 89, 98, 101, 131, 153, 160], "summary": {"covered_lines": 41, "num_statements": 92, "percent_covered": 44.56521739130435, "percent_covered_display": "44.57", "missing_lines": 51, "excluded_lines": 2}, "missing_lines": [16, 23, 40, 41, 42, 64, 65, 68, 80, 81, 82, 83, 88, 90, 91, 92, 93, 97, 99, 100, 103, 104, 105, 106, 107, 108, 110, 111, 112, 113, 114, 115, 116, 118, 119, 120, 121, 122, 123, 125, 126, 128, 132, 135, 140, 145, 150, 154, 155, 156, 157], "excluded_lines": [160, 161]}}}, "src\\glitchlings\\dlc\\__init__.py": {"executed_lines": [1, 18], "summary": {"covered_lines": 1, "num_statements": 1, "percent_covered": 100.0, "percent_covered_display": "100.00", "missing_lines": 0, "excluded_lines": 0}, "missing_lines": [], "excluded_lines": [], "functions": {"": {"executed_lines": [1, 18], "summary": {"covered_lines": 1, "num_statements": 1, "percent_covered": 100.0, "percent_covered_display": "100.00", "missing_lines": 0, "excluded_lines": 0}, "missing_lines": [], "excluded_lines": []}}, "classes": {"": {"executed_lines": [1, 18], "summary": {"covered_lines": 1, "num_statements": 1, "percent_covered": 100.0, "percent_covered_display": "100.00", "missing_lines": 0, "excluded_lines": 0}, "missing_lines": [], "excluded_lines": []}}}, "src\\glitchlings\\dlc\\_shared.py": {"executed_lines": [1, 3, 5, 6, 8, 9, 12, 14, 16, 17, 18, 21, 23, 24, 27, 28, 29, 31, 32, 33, 42, 44, 45, 49, 50, 52, 55, 69, 70, 72, 73, 75, 76, 77, 78, 81, 90, 91, 93, 96, 104, 107, 117, 118, 120, 123, 124, 132, 146, 147, 148, 149, 166, 182, 185, 187, 188, 192, 193, 195, 197, 198, 200, 201, 202, 203, 205, 206, 209, 210, 216, 217, 224, 236, 241, 245, 250, 287], "summary": {"covered_lines": 76, "num_statements": 132, "percent_covered": 57.57575757575758, "percent_covered_display": "57.58", "missing_lines": 56, "excluded_lines": 2}, "missing_lines": [19, 20, 25, 35, 36, 37, 38, 39, 41, 94, 97, 98, 99, 100, 101, 102, 121, 126, 127, 129, 150, 152, 153, 156, 157, 158, 160, 161, 163, 183, 190, 194, 196, 204, 211, 213, 232, 233, 234, 238, 239, 243, 247, 265, 266, 268, 269, 270, 274, 275, 277, 278, 280, 281, 282, 284], "excluded_lines": [207, 208], "functions": {"resolve_columns": {"executed_lines": [14, 16, 17, 18, 21, 23, 24, 27, 28, 29, 31, 32, 33, 42, 44, 45, 49, 50, 52], "summary": {"covered_lines": 19, "num_statements": 28, "percent_covered": 67.85714285714286, "percent_covered_display": "67.86", "missing_lines": 9, "excluded_lines": 0}, "missing_lines": [19, 20, 25, 35, 36, 37, 38, 39, 41], "excluded_lines": []}, "normalize_column_spec": {"executed_lines": [69, 70, 72, 73, 75, 76, 77, 78], "summary": {"covered_lines": 8, "num_statements": 8, "percent_covered": 100.0, "percent_covered_display": "100.00", "missing_lines": 0, "excluded_lines": 0}, "missing_lines": [], "excluded_lines": []}, "is_textual_candidate": {"executed_lines": [90, 91, 93, 96, 104], "summary": {"covered_lines": 5, "num_statements": 12, "percent_covered": 41.666666666666664, "percent_covered_display": "41.67", "missing_lines": 7, "excluded_lines": 0}, "missing_lines": [94, 97, 98, 99, 100, 101, 102], "excluded_lines": []}, "corrupt_text_value": {"executed_lines": [117, 118, 120, 123, 124], "summary": {"covered_lines": 5, "num_statements": 9, "percent_covered": 55.55555555555556, "percent_covered_display": "55.56", "missing_lines": 4, "excluded_lines": 0}, "missing_lines": [121, 126, 127, 129], "excluded_lines": []}, "infer_batch_targets": {"executed_lines": [146, 147, 148, 149], "summary": {"covered_lines": 4, "num_statements": 13, "percent_covered": 30.76923076923077, "percent_covered_display": "30.77", "missing_lines": 9, "excluded_lines": 0}, "missing_lines": [150, 152, 153, 156, 157, 158, 160, 161, 163], "excluded_lines": []}, "corrupt_batch": {"executed_lines": [182, 185, 187, 188, 192, 193, 195, 197, 198, 200, 201, 202, 203, 205, 206, 209, 210], "summary": {"covered_lines": 17, "num_statements": 24, "percent_covered": 70.83333333333333, "percent_covered_display": "70.83", "missing_lines": 7, "excluded_lines": 2}, "missing_lines": [183, 190, 194, 196, 204, 211, 213], "excluded_lines": [207, 208]}, "BaseGlitchedDataLoader.__init__": {"executed_lines": [], "summary": {"covered_lines": 0, "num_statements": 3, "percent_covered": 0.0, "percent_covered_display": "0.00", "missing_lines": 3, "excluded_lines": 0}, "missing_lines": [232, 233, 234], "excluded_lines": []}, "BaseGlitchedDataLoader.__iter__": {"executed_lines": [], "summary": {"covered_lines": 0, "num_statements": 2, "percent_covered": 0.0, "percent_covered_display": "0.00", "missing_lines": 2, "excluded_lines": 0}, "missing_lines": [238, 239], "excluded_lines": []}, "BaseGlitchedDataLoader.__len__": {"executed_lines": [], "summary": {"covered_lines": 0, "num_statements": 1, "percent_covered": 0.0, "percent_covered_display": "0.00", "missing_lines": 1, "excluded_lines": 0}, "missing_lines": [243], "excluded_lines": []}, "BaseGlitchedDataLoader.__getattr__": {"executed_lines": [], "summary": {"covered_lines": 0, "num_statements": 1, "percent_covered": 0.0, "percent_covered_display": "0.00", "missing_lines": 1, "excluded_lines": 0}, "missing_lines": [247], "excluded_lines": []}, "wrap_dataloader": {"executed_lines": [], "summary": {"covered_lines": 0, "num_statements": 13, "percent_covered": 0.0, "percent_covered_display": "0.00", "missing_lines": 13, "excluded_lines": 0}, "missing_lines": [265, 266, 268, 269, 270, 274, 275, 277, 278, 280, 281, 282, 284], "excluded_lines": []}, "": {"executed_lines": [1, 3, 5, 6, 8, 9, 12, 55, 81, 107, 132, 166, 216, 217, 224, 236, 241, 245, 250, 287], "summary": {"covered_lines": 18, "num_statements": 18, "percent_covered": 100.0, "percent_covered_display": "100.00", "missing_lines": 0, "excluded_lines": 0}, "missing_lines": [], "excluded_lines": []}}, "classes": {"BaseGlitchedDataLoader": {"executed_lines": [], "summary": {"covered_lines": 0, "num_statements": 7, "percent_covered": 0.0, "percent_covered_display": "0.00", "missing_lines": 7, "excluded_lines": 0}, "missing_lines": [232, 233, 234, 238, 239, 243, 247], "excluded_lines": []}, "": {"executed_lines": [1, 3, 5, 6, 8, 9, 12, 14, 16, 17, 18, 21, 23, 24, 27, 28, 29, 31, 32, 33, 42, 44, 45, 49, 50, 52, 55, 69, 70, 72, 73, 75, 76, 77, 78, 81, 90, 91, 93, 96, 104, 107, 117, 118, 120, 123, 124, 132, 146, 147, 148, 149, 166, 182, 185, 187, 188, 192, 193, 195, 197, 198, 200, 201, 202, 203, 205, 206, 209, 210, 216, 217, 224, 236, 241, 245, 250, 287], "summary": {"covered_lines": 76, "num_statements": 125, "percent_covered": 60.8, "percent_covered_display": "60.80", "missing_lines": 49, "excluded_lines": 2}, "missing_lines": [19, 20, 25, 35, 36, 37, 38, 39, 41, 94, 97, 98, 99, 100, 101, 102, 121, 126, 127, 129, 150, 152, 153, 156, 157, 158, 160, 161, 163, 183, 190, 194, 196, 204, 211, 213, 265, 266, 268, 269, 270, 274, 275, 277, 278, 280, 281, 282, 284], "excluded_lines": [207, 208]}}}, "src\\glitchlings\\dlc\\huggingface.py": {"executed_lines": [1, 3, 5, 6, 8, 9, 12, 14, 15, 17, 18, 19, 20, 23, 31, 32, 33, 36, 65, 68], "summary": {"covered_lines": 19, "num_statements": 19, "percent_covered": 100.0, "percent_covered_display": "100.00", "missing_lines": 0, "excluded_lines": 0}, "missing_lines": [], "excluded_lines": [], "functions": {"_normalize_columns": {"executed_lines": [14, 15, 17, 18, 19, 20], "summary": {"covered_lines": 6, "num_statements": 6, "percent_covered": 100.0, "percent_covered_display": "100.00", "missing_lines": 0, "excluded_lines": 0}, "missing_lines": [], "excluded_lines": []}, "_glitch_dataset": {"executed_lines": [31, 32, 33], "summary": {"covered
[...]
: 100.0, "percent_covered_display": "100.00", "missing_lines": 0, "excluded_lines": 0}, "missing_lines": [], "excluded_lines": []}}, "classes": {"Scannequin": {"executed_lines": [41, 42, 52, 53, 54, 56], "summary": {"covered_lines": 6, "num_statements": 6, "percent_covered": 100.0, "percent_covered_display": "100.00", "missing_lines": 0, "excluded_lines": 0}, "missing_lines": [], "excluded_lines": []}, "": {"executed_lines": [1, 2, 4, 5, 7, 10, 20, 23, 25, 27, 30, 31, 33, 35, 51, 62, 65], "summary": {"covered_lines": 16, "num_statements": 17, "percent_covered": 94.11764705882354, "percent_covered_display": "94.12", "missing_lines": 1, "excluded_lines": 0}, "missing_lines": [21], "excluded_lines": []}}}, "src\\glitchlings\\zoo\\spectroll.py": {"executed_lines": [1, 3, 4, 6, 8, 11, 20, 22, 23, 25, 27, 30, 31, 33, 35, 41, 42, 51, 52, 53, 62, 65], "summary": {"covered_lines": 21, "num_statements": 21, "percent_covered": 100.0, "percent_covered_display": "100.00", "missing_lines": 0, "excluded_lines": 0}, "missing_lines": [], "excluded_lines": [], "functions": {"swap_colors": {"executed_lines": [20, 22, 23, 25, 27], "summary": {"covered_lines": 5, "num_statements": 5, "percent_covered": 100.0, "percent_covered_display": "100.00", "missing_lines": 0, "excluded_lines": 0}, "missing_lines": [], "excluded_lines": []}, "Spectroll.__init__": {"executed_lines": [41, 42], "summary": {"covered_lines": 2, "num_statements": 2, "percent_covered": 100.0, "percent_covered_display": "100.00", "missing_lines": 0, "excluded_lines": 0}, "missing_lines": [], "excluded_lines": []}, "Spectroll.pipeline_operation": {"executed_lines": [52, 53], "summary": {"covered_lines": 2, "num_statements": 2, "percent_covered": 100.0, "percent_covered_display": "100.00", "missing_lines": 0, "excluded_lines": 0}, "missing_lines": [], "excluded_lines": []}, "": {"executed_lines": [1, 3, 4, 6, 8, 11, 30, 31, 33, 35, 51, 62, 65], "summary": {"covered_lines": 12, "num_statements": 12, "percent_covered": 100.0, "percent_covered_display": "100.00", "missing_lines": 0, "excluded_lines": 0}, "missing_lines": [], "excluded_lines": []}}, "classes": {"Spectroll": {"executed_lines": [41, 42, 52, 53], "summary": {"covered_lines": 4, "num_statements": 4, "percent_covered": 100.0, "percent_covered_display": "100.00", "missing_lines": 0, "excluded_lines": 0}, "missing_lines": [], "excluded_lines": []}, "": {"executed_lines": [1, 3, 4, 6, 8, 11, 20, 22, 23, 25, 27, 30, 31, 33, 35, 51, 62, 65], "summary": {"covered_lines": 17, "num_statements": 17, "percent_covered": 100.0, "percent_covered_display": "100.00", "missing_lines": 0, "excluded_lines": 0}, "missing_lines": [], "excluded_lines": []}}}, "src\\glitchlings\\zoo\\transforms.py": {"executed_lines": [1, 28, 30, 31, 32, 33, 39, 40, 43, 59, 62, 78, 79, 80, 81, 84, 96, 97, 98, 99, 100, 101, 102, 103, 104, 107, 108, 109, 119, 120, 121, 122, 123, 125, 126, 128, 131, 146, 147, 149, 150, 151, 152, 154, 155, 157, 167, 170, 179, 187, 190, 209, 210, 211, 212, 213, 214, 216, 217, 218, 219, 220, 221, 222, 223, 224, 225, 226, 228, 229, 231, 239, 260, 262, 263, 264, 266, 267, 268, 269, 270, 271, 272, 274, 275, 277, 284, 287, 300, 301, 302, 303, 304, 305, 306, 309, 325, 326, 328, 329, 330, 331, 332, 333, 335, 336, 337, 338, 340, 348, 362, 363, 364, 365, 366, 369], "summary": {"covered_lines": 114, "num_statements": 114, "percent_covered": 100.0, "percent_covered_display": "100.00", "missing_lines": 0, "excluded_lines": 0}, "missing_lines": [], "excluded_lines": [], "functions": {"split_preserving_whitespace": {"executed_lines": [59], "summary": {"covered_lines": 1, "num_statements": 1, "percent_covered": 100.0, "percent_covered_display": "100.00", "missing_lines": 0, "excluded_lines": 0}, "missing_lines": [], "excluded_lines": []}, "split_token_edges": {"executed_lines": [78, 79, 80, 81], "summary": {"covered_lines": 4, "num_statements": 4, "percent_covered": 100.0, "percent_covered_display": "100.00", "missing_lines": 0, "excluded_lines": 0}, "missing_lines": [], "excluded_lines": []}, "compute_core_length": {"executed_lines": [96, 97, 98, 99, 100, 101, 102, 103, 104], "summary": {"covered_lines": 9, "num_statements": 9, "percent_covered": 100.0, "percent_covered_display": "100.00", "missing_lines": 0, "excluded_lines": 0}, "missing_lines": [], "excluded_lines": []}, "WordToken.has_core": {"executed_lines": [128], "summary": {"covered_lines": 1, "num_statements": 1, "percent_covered": 100.0, "percent_covered_display": "100.00", "missing_lines": 0, "excluded_lines": 0}, "missing_lines": [], "excluded_lines": []}, "collect_word_tokens": {"executed_lines": [146, 147, 149, 150, 151, 152, 154, 155, 157, 167], "summary": {"covered_lines": 10, "num_statements": 10, "percent_covered": 100.0, "percent_covered_display": "100.00", "missing_lines": 0, "excluded_lines": 0}, "missing_lines": [], "excluded_lines": []}, "reassemble_tokens": {"executed_lines": [179], "summary": {"covered_lines": 1, "num_statements": 1, "percent_covered": 100.0, "percent_covered_display": "100.00", "missing_lines": 0, "excluded_lines": 0}, "missing_lines": [], "excluded_lines": []}, "build_keyboard_neighbor_map": {"executed_lines": [209, 210, 211, 212, 213, 214, 216, 217, 218, 219, 220, 221, 222, 223, 224, 225, 226, 228, 229, 231], "summary": {"covered_lines": 20, "num_statements": 20, "percent_covered": 100.0, "percent_covered_display": "100.00", "missing_lines": 0, "excluded_lines": 0}, "missing_lines": [], "excluded_lines": []}, "compute_string_diffs": {"executed_lines": [260, 262, 263, 264, 266, 267, 268, 269, 270, 271, 272, 274, 275, 277], "summary": {"covered_lines": 14, "num_statements": 14, "percent_covered": 100.0, "percent_covered_display": "100.00", "missing_lines": 0, "excluded_lines": 0}, "missing_lines": [], "excluded_lines": []}, "stable_deduplicate": {"executed_lines": [300, 301, 302, 303, 304, 305, 306], "summary": {"covered_lines": 7, "num_statements": 7, "percent_covered": 100.0, "percent_covered_display": "100.00", "missing_lines": 0, "excluded_lines": 0}, "missing_lines": [], "excluded_lines": []}, "interleave_lists": {"executed_lines": [325, 326, 328, 329, 330, 331, 332, 333, 335, 336, 337, 338, 340], "summary": {"covered_lines": 13, "num_statements": 13, "percent_covered": 100.0, "percent_covered_display": "100.00", "missing_lines": 0, "excluded_lines": 0}, "missing_lines": [], "excluded_lines": []}, "invert_mapping": {"executed_lines": [362, 363, 364, 365, 366], "summary": {"covered_lines": 5, "num_statements": 5, "percent_covered": 100.0, "percent_covered_display": "100.00", "missing_lines": 0, "excluded_lines": 0}, "missing_lines": [], "excluded_lines": []}, "": {"executed_lines": [1, 28, 30, 31, 32, 33, 39, 40, 43, 62, 84, 107, 108, 109, 119, 120, 121, 122, 123, 125, 126, 131, 170, 187, 190, 239, 284, 287, 309, 348, 369], "summary": {"covered_lines": 29, "num_statements": 29, "percent_covered": 100.0, "percent_covered_display": "100.00", "missing_lines": 0, "excluded_lines": 0}, "missing_lines": [], "excluded_lines": []}}, "classes": {"WordToken": {"executed_lines": [128], "summary": {"covered_lines": 1, "num_statements": 1, "percent_covered": 100.0, "percent_covered_display": "100.00", "missing_lines": 0, "excluded_lines": 0}, "missing_lines": [], "excluded_lines": []}, "": {"executed_lines": [1, 28, 30, 31, 32, 33, 39, 40, 43, 59, 62, 78, 79, 80, 81, 84, 96, 97, 98, 99, 100, 101, 102, 103, 104, 107, 108, 109, 119, 120, 121, 122, 123, 125, 126, 131, 146, 147, 149, 150, 151, 152, 154, 155, 157, 167, 170, 179, 187, 190, 209, 210, 211, 212, 213, 214, 216, 217, 218, 219, 220, 221, 222, 223, 224, 225, 226, 228, 229, 231, 239, 260, 262, 263, 264, 266, 267, 268, 269, 270, 271, 272, 274, 275, 277, 284, 287, 300, 301, 302, 303, 304, 305, 306, 309, 325, 326, 328, 329, 330, 331, 332, 333, 335, 336, 337, 338, 340, 348, 362, 363, 364, 365, 366, 369], "summary": {"covered_lines": 113, "num_statements": 113, "percent_covered": 100.0, "percent_covered_display": "100.00", "missing_lines": 0, "excluded_lines": 0}, "missing_lines": [], "excluded_lines": []}}}, "src\\glitchlings\\zoo\\typogre.py": {"executed_lines": [1, 3, 4, 5, 7, 8, 10, 11, 14, 23, 25, 26, 28, 29, 30, 32, 34, 42, 43, 45, 47, 54, 55, 65, 66, 67, 68, 69, 70, 74, 76, 87, 90], "summary": {"covered_lines": 32, "num_statements": 34, "percent_covered": 94.11764705882354, "percent_covered_display": "94.12", "missing_lines": 2, "excluded_lines": 0}, "missing_lines": [71, 72], "excluded_lines": [], "functions": {"fatfinger": {"executed_lines": [23, 25, 26, 28, 29, 30, 32, 34], "summary": {"covered_lines": 8, "num_statements": 8, "percent_covered": 100.0, "percent_covered_display": "100.00", "missing_lines": 0, "excluded_lines": 0}, "missing_lines": [], "excluded_lines": []}, "Typogre.__init__": {"executed_lines": [54, 55], "summary": {"covered_lines": 2, "num_statements": 2, "percent_covered": 100.0, "percent_covered_display": "100.00", "missing_lines": 0, "excluded_lines": 0}, "missing_lines": [], "excluded_lines": []}, "Typogre.pipeline_operation": {"executed_lines": [66, 67, 68, 69, 70, 74, 76], "summary": {"covered_lines": 7, "num_statements": 9, "percent_covered": 77.77777777777777, "percent_covered_display": "77.78", "missing_lines": 2, "excluded_lines": 0}, "missing_lines": [71, 72], "excluded_lines": []}, "": {"executed_lines": [1, 3, 4, 5, 7, 8, 10, 11, 14, 42, 43, 45, 47, 65, 87, 90], "summary": {"covered_lines": 15, "num_statements": 15, "percent_covered": 100.0, "percent_covered_display": "100.00", "missing_lines": 0, "excluded_lines": 0}, "missing_lines": [], "excluded_lines": []}}, "classes": {"Typogre": {"executed_lines": [54, 55, 66, 67, 68, 69, 70, 74, 76], "summary": {"covered_lines": 9, "num_statements": 11, "percent_covered": 81.81818181818181, "percent_covered_display": "81.82", "missing_lines": 2, "excluded_lines": 0}, "missing_lines": [71, 72], "excluded_lines": []}, "": {"executed_lines": [1, 3, 4, 5, 7, 8, 10, 11, 14, 23, 25, 26, 28, 29, 30, 32, 34, 42, 43, 45, 47, 65, 87, 90], "summary": {"covered_lines": 23, "num_statements": 23, "percent_covered": 100.0, "percent_covered_display": "100.00", "missing_lines": 0, "excluded_lines": 0}, "missing_lines": [], "excluded_lines": []}}}, "src\\glitchlings\\zoo\\validation.py": {"executed_lines": [1, 19, 21, 22, 23, 24, 25, 32, 42, 43, 44, 47, 57, 58, 59, 62, 80, 81, 82, 83, 91, 105, 106, 107, 108, 109, 110, 111, 112, 113, 116, 128, 129, 130, 131, 132, 133, 134, 141, 142, 143, 145, 148, 162, 163, 164, 165, 166, 167, 168, 170, 171, 172, 173, 174, 175, 176, 177, 178, 186, 197, 200, 229, 240, 243, 255, 256, 259, 260, 262, 263, 266, 267, 268, 269, 270, 271, 272, 275, 289, 290, 291, 292, 294, 295, 297, 298, 299, 300, 301, 302, 303, 305, 307, 310, 311, 312, 314, 315, 316, 319, 339, 340, 341, 342, 343, 344, 347, 348, 349, 350, 351, 358, 361, 386, 413, 426, 427, 435, 456, 469, 477, 488, 489, 490, 491, 492, 495], "summary": {"covered_lines": 126, "num_statements": 147, "percent_covered": 85.71428571428571, "percent_covered_display": "85.71", "missing_lines": 21, "excluded_lines": 0}, "missing_lines": [211, 212, 213, 214, 215, 216, 217, 218, 257, 264, 306, 345, 380, 381, 382, 383, 402, 403, 404, 405, 448], "excluded_lines": [], "functions": {"clamp_rate": {"executed_lines": [42, 43, 44], "summary": {"covered_lines": 3, "num_statements": 3, "percent_covered": 100.0, "percent_covered_display": "100.00", "missing_lines": 0, "excluded_lines": 0}, "missing_lines": [], "excluded_lines": []}, "clamp_rate_unit": {"executed_lines": [57, 58, 59], "summary": {"covered_lines": 3, "num_statements": 3, "percent_covered": 100.0, "percent_covered_display": "100.00", "missing_lines": 0, "excluded_lines": 0}, "missing_lines": [], "excluded_lines": []}, "resolve_rate": {"executed_lines": [80, 81, 82, 83], "summary": {"covered_lines": 4, "num_statements": 4, "percent_covered": 100.0, "percent_covered_display": "100.00", "missing_lines": 0, "excluded_lines": 0}, "missing_lines": [], "excluded_lines": []}, "normalise_mim1c_classes": {"executed_lines": [105, 106, 107, 108, 109, 110, 111, 112, 113], "summary": {"covered_lines": 9, "num_statements": 9, "percent_covered": 100.0, "percent_covered_display": "100.00", "missing_lines": 0, "excluded_lines": 0}, "missing_lines": [], "excluded_lines": []}, "normalise_mim1c_banned": {"executed_lines": [128, 129, 130, 131, 132, 133, 134], "summary": {"covered_lines": 7, "num_statements": 7, "percent_covered": 100.0, "percent_covered_display": "100.00", "missing_lines": 0, "excluded_lines": 0}, "missing_lines": [], "excluded_lines": []}, "normalize_parts_of_speech": {"executed_lines": [162, 163, 164, 165, 166, 167, 168, 170, 171, 172, 173, 174, 175, 176, 177, 178], "summary": {"covered_lines": 16, "num_statements": 16, "percent_covered": 100.0, "percent_covered_display": "100.00", "missing_lines": 0, "excluded_lines": 0}, "missing_lines": [], "excluded_lines": []}, "normalise_homophone_group": {"executed_lines": [197], "summary": {"covered_lines": 1, "num_statements": 1, "percent_covered": 100.0, "percent_covered_display": "100.00", "missing_lines": 0, "excluded_lines": 0}, "missing_lines": [], "excluded_lines": []}, "build_homophone_lookup": {"executed_lines": [], "summary": {"covered_lines": 0, "num_statements": 8, "percent_covered": 0.0, "percent_covered_display": "0.00", "missing_lines": 8, "excluded_lines": 0}, "missing_lines": [211, 212, 213, 214, 215, 216, 217, 218], "excluded_lines": []}, "normalize_rushmore_mode_item": {"executed_lines": [255, 256, 259, 260, 262, 263, 266, 267, 268, 269, 270, 271, 272], "summary": {"covered_lines": 13, "num_statements": 15, "percent_covered": 86.66666666666667, "percent_covered_display": "86.67", "missing_lines": 2, "excluded_lines": 0}, "missing_lines": [257, 264], "excluded_lines": []}, "normalize_rushmore_modes": {"executed_lines": [289, 290, 291, 292, 294, 295, 297, 298, 299, 300, 301, 302, 303, 305, 307], "summary": {"covered_lines": 15, "num_statements": 16, "percent_covered": 93.75, "percent_covered_display": "93.75", "missing_lines": 1, "excluded_lines": 0}, "missing_lines": [306], "excluded_lines": []}, "resolve_rushmore_mode_rate": {"executed_lines": [339, 340, 341, 342, 343, 344, 347, 348, 349, 350, 351], "summary": {"covered_lines": 11, "num_statements": 12, "percent_covered": 91.66666666666667, "percent_covered_display": "91.67", "missing_lines": 1, "excluded_lines": 0}, "missing_lines": [345], "excluded_lines": []}, "validate_keyboard_layout": {"executed_lines": [], "summary": {"covered_lines": 0, "num_statements": 4, "percent_covered": 0.0, "percent_covered_display": "0.00", "missing_lines": 4, "excluded_lines": 0}, "missing_lines": [380, 381, 382, 383], "excluded_lines": []}, "get_keyboard_layout_or_default": {"executed_lines": [], "summary": {"covered_lines": 0, "num_statements": 4, "percent_covered": 0.0, "percent_covered_display": "0.00", "missing_lines": 4, "excluded_lines": 0}, "missing_lines": [402, 403, 404, 405], "excluded_lines": []}, "normalize_zero_width_palette": {"executed_lines": [426, 427], "summary": {"covered_lines": 2, "num_statements": 2, "percent_covered": 100.0, "percent_covered_display": "100.00", "missing_lines": 0, "excluded_lines": 0}, "missing_lines": [], "excluded_lines": []}, "normalize_replacement_char": {"executed_lines": [], "summary": {"covered_lines": 0, "num_statements": 1, "percent_covered": 0.0, "percent_covered_display": "0.00", "missing_lines": 1, "excluded_lines": 0}, "missing_lines": [448], "excluded_lines": []}, "resolve_bool_flag": {"executed_lines": [469], "summary": {"covered_lines": 1, "num_statements": 1, "percent_covered": 100.0, "percent_covered_display": "100.00", "missing_lines": 0, "excluded_lines": 0}, "missing_lines": [], "excluded_lines": []}, "normalize_string_collection": {"executed_lines": [488, 489, 490, 491, 492], "summary": {"covered_lines": 5, "num_statements": 5, "percent_covered": 100.0, "percent_covered_display": "100.00", "missing_lines": 0, "excluded_lines": 0}, "missing_lines": [], "excluded_lines": []}, "": {"executed_lines": [1, 19, 21, 22, 23, 24, 25, 32, 47, 62, 91, 116, 141, 142, 143, 145, 148, 186, 200, 229, 240, 243, 275, 310, 311, 312, 314, 315, 316, 319, 358, 361, 386, 413, 435, 456, 477, 495], "summary": {"covered_lines": 36, "num_statements": 36, "percent_covered": 100.0, "percent_covered_display": "100.00", "missing_lines": 0, "excluded_lines": 0}, "missing_lines": [], "excluded_lines": []}}, "classes": {"RushmoreRateConfig": {"executed_lines": [], "summary": {"covered_lines": 0, "num_statements": 0, "percent_covered": 100.0, "percent_covered_display": "100.00", "missing_lines": 0, "excluded_lines": 0}, "missing_lines": [], "excluded_lines": []}, "": {"executed_lines": [1, 19, 21, 22, 23, 24, 25, 32, 42, 43, 44, 47, 57, 58, 59, 62, 80, 81, 82, 83, 91, 105, 106, 107, 108, 109, 110, 111, 112, 113, 116, 128, 129, 130, 131, 132, 133, 134, 141, 142, 143, 145, 148, 162, 163, 164, 165, 166, 167, 168, 170, 171, 172, 173, 174, 175, 176, 177, 178, 186, 197, 200, 229, 240, 243, 255, 256, 259, 260, 262, 263, 266, 267, 268, 269, 270, 271, 272, 275, 289, 290, 291, 292, 294, 295, 297, 298, 299, 300, 301, 302, 303, 305, 307, 310, 311, 312, 314, 315, 316, 319, 339, 340, 341, 342, 343, 344, 347, 348, 349, 350, 351, 358, 361, 386, 413, 426, 427, 435, 456, 469, 477, 488, 489, 490, 491, 492, 495], "summary": {"covered_lines": 126, "num_statements": 147, "percent_covered": 85.71428571428571, "percent_covered_display": "85.71", "missing_lines": 21, "excluded_lines": 0}, "missing_lines": [211, 212, 213, 214, 215, 216, 217, 218, 257, 264, 306, 345, 380, 381, 382, 383, 402, 403, 404, 405, 448], "excluded_lines": []}}}, "src\\glitchlings\\zoo\\zeedub.py": {"executed_lines": [1, 3, 4, 5, 7, 8, 13, 15, 18, 27, 29, 33, 34, 37, 38, 41, 42, 45, 46, 48, 50, 57, 58, 68, 69, 70, 72, 73, 74, 76, 78, 81, 91, 94], "summary": {"covered_lines": 33, "num_statements": 36, "percent_covered": 91.66666666666667, "percent_covered_display": "91.67", "missing_lines": 3, "excluded_lines": 0}, "missing_lines": [35, 39, 79], "excluded_lines": [], "functions": {"insert_zero_widths": {"executed_lines": [27, 29, 33, 34, 37, 38, 41, 42], "summary": {"covered_lines": 8, "num_statements": 10, "percent_covered": 80.0, "percent_covered_display": "80.00", "missing_lines": 2, "excluded_lines": 0}, "missing_lines": [35, 39], "excluded_lines": []}, "Zeedub.__init__": {"executed_lines": [57, 58], "summary": {"covered_lines": 2, "num_statements": 2, "percent_covered": 100.0, "percent_covered_display": "100.00", "missing_lines": 0, "excluded_lines": 0}, "missing_lines": [], "excluded_lines": []}, "Zeedub.pipeline_operation": {"executed_lines": [69, 70, 72, 73, 74, 76, 78, 81], "summary": {"covered_lines": 8, "num_statements": 9, "percent_covered": 88.88888888888889, "percent_covered_display": "88.89", "missing_lines": 1, "excluded_lines": 0}, "missing_lines": [79], "excluded_lines": []}, "": {"executed_lines": [1, 3, 4, 5, 7, 8, 13, 15, 18, 45, 46, 48, 50, 68, 91, 94], "summary": {"covered_lines": 15, "num_statements": 15, "percent_covered": 100.0, "percent_covered_display": "100.00", "missing_lines": 0, "excluded_lines": 0}, "missing_lines": [], "excluded_lines": []}}, "classes": {"Zeedub": {"executed_lines": [57, 58, 69, 70, 72, 73, 74, 76, 78, 81], "summary": {"covered_lines": 10, "num_statements": 11, "percent_covered": 90.9090909090909, "percent_covered_display": "90.91", "missing_lines": 1, "excluded_lines": 0}, "missing_lines": [79], "excluded_lines": []}, "": {"executed_lines": [1, 3, 4, 5, 7, 8, 13, 15, 18, 27, 29, 33, 34, 37, 38, 41, 42, 45, 46, 48, 50, 68, 91, 94], "summary": {"covered_lines": 23, "num_statements": 25, "percent_covered": 92.0, "percent_covered_display": "92.00", "missing_lines": 2, "excluded_lines": 0}, "missing_lines": [35, 39], "excluded_lines": []}}}}, "totals": {"covered_lines": 3501, "num_statements": 4184, "percent_covered": 83.67590822179733, "percent_covered_display": "83.68", "missing_lines": 683, "excluded_lines": 176}}